/cms/store/user/sthakur/ntuple_for2016Data_EleMC_20190117/EleMC_20190117/DYJetsToLL_Pt100To250_EleMC_20190117/DYJetsToLL_Pt-100To250_TuneCUETP8M1_13TeV-amcatnloFXFX-pythia8/DYJetsToLL_Pt100To250_EleMC_20190117/190117_100718/0000/DYJetsToLL_Pt100To250_EleMC_20190117_Ntuple_1.root
/cms/store/user/sthakur/ntuple_for2016Data_EleMC_20190117/EleMC_20190117/DYJetsToLL_Pt100To250_EleMC_20190117/DYJetsToLL_Pt-100To250_TuneCUETP8M1_13TeV-amcatnloFXFX-pythia8/DYJetsToLL_Pt100To250_EleMC_20190117/190117_100718/0000/DYJetsToLL_Pt100To250_EleMC_20190117_Ntuple_2.root
/cms/store/user/sthakur/ntuple_for2016Data_EleMC_20190117/EleMC_20190117/DYJetsToLL_Pt100To250_EleMC_20190117/DYJetsToLL_Pt-100To250_TuneCUETP8M1_13TeV-amcatnloFXFX-pythia8/DYJetsToLL_Pt100To250_EleMC_20190117/190117_100718/0000/DYJetsToLL_Pt100To250_EleMC_20190117_Ntuple_3.root
/cms/store/user/sthakur/ntuple_for2016Data_EleMC_20190117/EleMC_20190117/DYJetsToLL_Pt100To250_EleMC_20190117/DYJetsToLL_Pt-100To250_TuneCUETP8M1_13TeV-amcatnloFXFX-pythia8/DYJetsToLL_Pt100To250_EleMC_20190117/190117_100718/0000/DYJetsToLL_Pt100To250_EleMC_20190117_Ntuple_4.root
/cms/store/user/sthakur/ntuple_for2016Data_EleMC_20190117/EleMC_20190117/DYJetsToLL_Pt100To250_EleMC_20190117/DYJetsToLL_Pt-100To250_TuneCUETP8M1_13TeV-amcatnloFXFX-pythia8/DYJetsToLL_Pt100To250_EleMC_20190117/190117_100718/0000/DYJetsToLL_Pt100To250_EleMC_20190117_Ntuple_5.root
/cms/store/user/sthakur/ntuple_for2016Data_EleMC_20190117/EleMC_20190117/DYJetsToLL_Pt100To250_EleMC_20190117/DYJetsToLL_Pt-100To250_TuneCUETP8M1_13TeV-amcatnloFXFX-pythia8/DYJetsToLL_Pt100To250_EleMC_20190117/190117_100718/0000/DYJetsToLL_Pt100To250_EleMC_20190117_Ntuple_6.root
/cms/store/user/sthakur/ntuple_for2016Data_EleMC_20190117/EleMC_20190117/DYJetsToLL_Pt250To400_EleMC_20190117/DYJetsToLL_Pt-250To400_TuneCUETP8M1_13TeV-amcatnloFXFX-pythia8/DYJetsToLL_Pt250To400_EleMC_20190117/190117_100736/0000/DYJetsToLL_Pt250To400_EleMC_20190117_Ntuple_1.root
/cms/store/user/sthakur/ntuple_for2016Data_EleMC_20190117/EleMC_20190117/DYJetsToLL_Pt250To400_EleMC_20190117/DYJetsToLL_Pt-250To400_TuneCUETP8M1_13TeV-amcatnloFXFX-pythia8/DYJetsToLL_Pt250To400_EleMC_20190117/190117_100736/0000/DYJetsToLL_Pt250To400_EleMC_20190117_Ntuple_2.root
/cms/store/user/sthakur/ntuple_for2016Data_EleMC_20190117/EleMC_20190117/DYJetsToLL_Pt400To650_EleMC_20190117/DYJetsToLL_Pt-400To650_TuneCUETP8M1_13TeV-amcatnloFXFX-pythia8/DYJetsToLL_Pt400To650_EleMC_20190117/190117_100755/0000/DYJetsToLL_Pt400To650_EleMC_20190117_Ntuple_1.root
/cms/store/user/sthakur/ntuple_for2016Data_EleMC_20190117/EleMC_20190117/DYJetsToLL_Pt50To100_EleMC_20190117/DYJetsToLL_Pt-50To100_TuneCUETP8M1_13TeV-amcatnloFXFX-pythia8/DYJetsToLL_Pt50To100_EleMC_20190117/190117_100817/0000/DYJetsToLL_Pt50To100_EleMC_20190117_Ntuple_1.root
/cms/store/user/sthakur/ntuple_for2016Data_EleMC_20190117/EleMC_20190117/DYJetsToLL_Pt50To100_EleMC_20190117/DYJetsToLL_Pt-50To100_TuneCUETP8M1_13TeV-amcatnloFXFX-pythia8/DYJetsToLL_Pt50To100_EleMC_20190117/190117_100817/0000/DYJetsToLL_Pt50To100_EleMC_20190117_Ntuple_10.root
/cms/store/user/sthakur/ntuple_for2016Data_EleMC_20190117/EleMC_20190117/DYJetsToLL_Pt50To100_EleMC_20190117/DYJetsToLL_Pt-50To100_TuneCUETP8M1_13TeV-amcatnloFXFX-pythia8/DYJetsToLL_Pt50To100_EleMC_20190117/190117_100817/0000/DYJetsToLL_Pt50To100_EleMC_20190117_Ntuple_11.root
/cms/store/user/sthakur/ntuple_for2016Data_EleMC_20190117/EleMC_20190117/DYJetsToLL_Pt50To100_EleMC_20190117/DYJetsToLL_Pt-50To100_TuneCUETP8M1_13TeV-amcatnloFXFX-pythia8/DYJetsToLL_Pt50To100_EleMC_20190117/190117_100817/0000/DYJetsToLL_Pt50To100_EleMC_20190117_Ntuple_12.root
/cms/store/user/sthakur/ntuple_for2016Data_EleMC_20190117/EleMC_20190117/DYJetsToLL_Pt50To100_EleMC_20190117/DYJetsToLL_Pt-50To100_TuneCUETP8M1_13TeV-amcatnloFXFX-pythia8/DYJetsToLL_Pt50To100_EleMC_20190117/190117_100817/0000/DYJetsToLL_Pt50To100_EleMC_20190117_Ntuple_13.root
/cms/store/user/sthakur/ntuple_for2016Data_EleMC_20190117/EleMC_20190117/DYJetsToLL_Pt50To100_EleMC_20190117/DYJetsToLL_Pt-50To100_TuneCUETP8M1_13TeV-amcatnloFXFX-pythia8/DYJetsToLL_Pt50To100_EleMC_20190117/190117_100817/0000/DYJetsToLL_Pt50To100_EleMC_20190117_Ntuple_14.root
/cms/store/user/sthakur/ntuple_for2016Data_EleMC_20190117/EleMC_20190117/DYJetsToLL_Pt50To100_EleMC_20190117/DYJetsToLL_Pt-50To100_TuneCUETP8M1_13TeV-amcatnloFXFX-pythia8/DYJetsToLL_Pt50To100_EleMC_20190117/190117_100817/0000/DYJetsToLL_Pt50To100_EleMC_20190117_Ntuple_15.root
/cms/store/user/sthakur/ntuple_for2016Data_EleMC_20190117/EleMC_20190117/DYJetsToLL_Pt50To100_EleMC_20190117/DYJetsToLL_Pt-50To100_TuneCUETP8M1_13TeV-amcatnloFXFX-pythia8/DYJetsToLL_Pt50To100_EleMC_20190117/190117_100817/0000/DYJetsToLL_Pt50To100_EleMC_20190117_Ntuple_16.root
/cms/store/user/sthakur/ntuple_for2016Data_EleMC_20190117/EleMC_20190117/DYJetsToLL_Pt50To100_EleMC_20190117/DYJetsToLL_Pt-50To100_TuneCUETP8M1_13TeV-amcatnloFXFX-pythia8/DYJetsToLL_Pt50To100_EleMC_20190117/190117_100817/0000/DYJetsToLL_Pt50To100_EleMC_20190117_Ntuple_17.root
/cms/store/user/sthakur/ntuple_for2016Data_EleMC_20190117/EleMC_20190117/DYJetsToLL_Pt50To100_EleMC_20190117/DYJetsToLL_Pt-50To100_TuneCUETP8M1_13TeV-amcatnloFXFX-pythia8/DYJetsToLL_Pt50To100_EleMC_20190117/190117_100817/0000/DYJetsToLL_Pt50To100_EleMC_20190117_Ntuple_18.root
/cms/store/user/sthakur/ntuple_for2016Data_EleMC_20190117/EleMC_20190117/DYJetsToLL_Pt50To100_EleMC_20190117/DYJetsToLL_Pt-50To100_TuneCUETP8M1_13TeV-amcatnloFXFX-pythia8/DYJetsToLL_Pt50To100_EleMC_20190117/190117_100817/0000/DYJetsToLL_Pt50To100_EleMC_20190117_Ntuple_19.root
/cms/store/user/sthakur/ntuple_for2016Data_EleMC_20190117/EleMC_20190117/DYJetsToLL_Pt50To100_EleMC_20190117/DYJetsToLL_Pt-50To100_TuneCUETP8M1_13TeV-amcatnloFXFX-pythia8/DYJetsToLL_Pt50To100_EleMC_20190117/190117_100817/0000/DYJetsToLL_Pt50To100_EleMC_20190117_Ntuple_2.root
/cms/store/user/sthakur/ntuple_for2016Data_EleMC_20190117/EleMC_20190117/DYJetsToLL_Pt50To100_EleMC_20190117/DYJetsToLL_Pt-50To100_TuneCUETP8M1_13TeV-amcatnloFXFX-pythia8/DYJetsToLL_Pt50To100_EleMC_20190117/190117_100817/0000/DYJetsToLL_Pt50To100_EleMC_20190117_Ntuple_20.root
/cms/store/user/sthakur/ntuple_for2016Data_EleMC_20190117/EleMC_20190117/DYJetsToLL_Pt50To100_EleMC_20190117/DYJetsToLL_Pt-50To100_TuneCUETP8M1_13TeV-amcatnloFXFX-pythia8/DYJetsToLL_Pt50To100_EleMC_20190117/190117_100817/0000/DYJetsToLL_Pt50To100_EleMC_20190117_Ntuple_21.root
/cms/store/user/sthakur/ntuple_for2016Data_EleMC_20190117/EleMC_20190117/DYJetsToLL_Pt50To100_EleMC_20190117/DYJetsToLL_Pt-50To100_TuneCUETP8M1_13TeV-amcatnloFXFX-pythia8/DYJetsToLL_Pt50To100_EleMC_20190117/190117_100817/0000/DYJetsToLL_Pt50To100_EleMC_20190117_Ntuple_22.root
/cms/store/user/sthakur/ntuple_for2016Data_EleMC_20190117/EleMC_20190117/DYJetsToLL_Pt50To100_EleMC_20190117/DYJetsToLL_Pt-50To100_TuneCUETP8M1_13TeV-amcatnloFXFX-pythia8/DYJetsToLL_Pt50To100_EleMC_20190117/190117_100817/0000/DYJetsToLL_Pt50To100_EleMC_20190117_Ntuple_23.root
/cms/store/user/sthakur/ntuple_for2016Data_EleMC_20190117/EleMC_20190117/DYJetsToLL_Pt50To100_EleMC_20190117/DYJetsToLL_Pt-50To100_TuneCUETP8M1_13TeV-amcatnloFXFX-pythia8/DYJetsToLL_Pt50To100_EleMC_20190117/190117_100817/0000/DYJetsToLL_Pt50To100_EleMC_20190117_Ntuple_24.root
/cms/store/user/sthakur/ntuple_for2016Data_EleMC_20190117/EleMC_20190117/DYJetsToLL_Pt50To100_EleMC_20190117/DYJetsToLL_Pt-50To100_TuneCUETP8M1_13TeV-amcatnloFXFX-pythia8/DYJetsToLL_Pt50To100_EleMC_20190117/190117_100817/0000/DYJetsToLL_Pt50To100_EleMC_20190117_Ntuple_3.root
/cms/store/user/sthakur/ntuple_for2016Data_EleMC_20190117/EleMC_20190117/DYJetsToLL_Pt50To100_EleMC_20190117/DYJetsToLL_Pt-50To100_TuneCUETP8M1_13TeV-amcatnloFXFX-pythia8/DYJetsToLL_Pt50To100_EleMC_20190117/190117_100817/0000/DYJetsToLL_Pt50To100_EleMC_20190117_Ntuple_4.root
/cms/store/user/sthakur/ntuple_for2016Data_EleMC_20190117/EleMC_20190117/DYJetsToLL_Pt50To100_EleMC_20190117/DYJetsToLL_Pt-50To100_TuneCUETP8M1_13TeV-amcatnloFXFX-pythia8/DYJetsToLL_Pt50To100_EleMC_20190117/190117_100817/0000/DYJetsToLL_Pt50To100_EleMC_20190117_Ntuple_5.root
/cms/store/user/sthakur/ntuple_for2016Data_EleMC_20190117/EleMC_20190117/DYJetsToLL_Pt50To100_EleMC_20190117/DYJetsToLL_Pt-50To100_TuneCUETP8M1_13TeV-amcatnloFXFX-pythia8/DYJetsToLL_Pt50To100_EleMC_20190117/190117_100817/0000/DYJetsToLL_Pt50To100_EleMC_20190117_Ntuple_6.root
/cms/store/user/sthakur/ntuple_for2016Data_EleMC_20190117/EleMC_20190117/DYJetsToLL_Pt50To100_EleMC_20190117/DYJetsToLL_Pt-50To100_TuneCUETP8M1_13TeV-amcatnloFXFX-pythia8/DYJetsToLL_Pt50To100_EleMC_20190117/190117_100817/0000/DYJetsToLL_Pt50To100_EleMC_20190117_Ntuple_7.root
/cms/store/user/sthakur/ntuple_for2016Data_EleMC_20190117/EleMC_20190117/DYJetsToLL_Pt50To100_EleMC_20190117/DYJetsToLL_Pt-50To100_TuneCUETP8M1_13TeV-amcatnloFXFX-pythia8/DYJetsToLL_Pt50To100_EleMC_20190117/190117_100817/0000/DYJetsToLL_Pt50To100_EleMC_20190117_Ntuple_8.root
/cms/store/user/sthakur/ntuple_for2016Data_EleMC_20190117/EleMC_20190117/DYJetsToLL_Pt50To100_EleMC_20190117/DYJetsToLL_Pt-50To100_TuneCUETP8M1_13TeV-amcatnloFXFX-pythia8/DYJetsToLL_Pt50To100_EleMC_20190117/190117_100817/0000/DYJetsToLL_Pt50To100_EleMC_20190117_Ntuple_9.root
/cms/store/user/sthakur/ntuple_for2016Data_EleMC_20190117/EleMC_20190117/DYJetsToLL_Pt650ToInf_EleMC_20190117/DYJetsToLL_Pt-650ToInf_TuneCUETP8M1_13TeV-amcatnloFXFX-pythia8/DYJetsToLL_Pt650ToInf_EleMC_20190117/190117_100834/0000/DYJetsToLL_Pt650ToInf_EleMC_20190117_Ntuple_1.root
/cms/store/user/sthakur/ntuple_for2016Data_EleMC_20190117/EleMC_20190117/DYJetsToLL_Pt650ToInf_EleMC_20190117/DYJetsToLL_Pt-650ToInf_TuneCUETP8M1_13TeV-amcatnloFXFX-pythia8/DYJetsToLL_Pt650ToInf_EleMC_20190117/190117_100834/0000/DYJetsToLL_Pt650ToInf_EleMC_20190117_Ntuple_2.root
/cms/store/user/sthakur/ntuple_for2016Data_EleMC_20190117/EleMC_20190117/DYJetsToLL_Pt650ToInf_EleMC_20190117/DYJetsToLL_Pt-650ToInf_TuneCUETP8M1_13TeV-amcatnloFXFX-pythia8/DYJetsToLL_Pt650ToInf_EleMC_20190117/190117_100834/0000/DYJetsToLL_Pt650ToInf_EleMC_20190117_Ntuple_3.root
/cms/store/user/sthakur/ntuple_for2016Data_EleMC_20190117/EleMC_20190117/ExLepEEZ_M1000_EleMC_20190117/ExcitedLepton_EEZ-1000_TuneCUETP8M1_13TeV-pythia8/ExLepEEZ_M1000_EleMC_20190117/190117_100852/0000/ExLepEEZ_M1000_EleMC_20190117_Ntuple_1.root
/cms/store/user/sthakur/ntuple_for2016Data_EleMC_20190117/EleMC_20190117/ExLepEEZ_M1000_EleMC_20190117/ExcitedLepton_EEZ-1000_TuneCUETP8M1_13TeV-pythia8/ExLepEEZ_M1000_EleMC_20190117/190117_100852/0000/ExLepEEZ_M1000_EleMC_20190117_Ntuple_10.root
/cms/store/user/sthakur/ntuple_for2016Data_EleMC_20190117/EleMC_20190117/ExLepEEZ_M1000_EleMC_20190117/ExcitedLepton_EEZ-1000_TuneCUETP8M1_13TeV-pythia8/ExLepEEZ_M1000_EleMC_20190117/190117_100852/0000/ExLepEEZ_M1000_EleMC_20190117_Ntuple_11.root
/cms/store/user/sthakur/ntuple_for2016Data_EleMC_20190117/EleMC_20190117/ExLepEEZ_M1000_EleMC_20190117/ExcitedLepton_EEZ-1000_TuneCUETP8M1_13TeV-pythia8/ExLepEEZ_M1000_EleMC_20190117/190117_100852/0000/ExLepEEZ_M1000_EleMC_20190117_Ntuple_12.root
/cms/store/user/sthakur/ntuple_for2016Data_EleMC_20190117/EleMC_20190117/ExLepEEZ_M1000_EleMC_20190117/ExcitedLepton_EEZ-1000_TuneCUETP8M1_13TeV-pythia8/ExLepEEZ_M1000_EleMC_20190117/190117_100852/0000/ExLepEEZ_M1000_EleMC_20190117_Ntuple_13.root
/cms/store/user/sthakur/ntuple_for2016Data_EleMC_20190117/EleMC_20190117/ExLepEEZ_M1000_EleMC_20190117/ExcitedLepton_EEZ-1000_TuneCUETP8M1_13TeV-pythia8/ExLepEEZ_M1000_EleMC_20190117/190117_100852/0000/ExLepEEZ_M1000_EleMC_20190117_Ntuple_14.root
/cms/store/user/sthakur/ntuple_for2016Data_EleMC_20190117/EleMC_20190117/ExLepEEZ_M1000_EleMC_20190117/ExcitedLepton_EEZ-1000_TuneCUETP8M1_13TeV-pythia8/ExLepEEZ_M1000_EleMC_20190117/190117_100852/0000/ExLepEEZ_M1000_EleMC_20190117_Ntuple_15.root
/cms/store/user/sthakur/ntuple_for2016Data_EleMC_20190117/EleMC_20190117/ExLepEEZ_M1000_EleMC_20190117/ExcitedLepton_EEZ-1000_TuneCUETP8M1_13TeV-pythia8/ExLepEEZ_M1000_EleMC_20190117/190117_100852/0000/ExLepEEZ_M1000_EleMC_20190117_Ntuple_16.root
/cms/store/user/sthakur/ntuple_for2016Data_EleMC_20190117/EleMC_20190117/ExLepEEZ_M1000_EleMC_20190117/ExcitedLepton_EEZ-1000_TuneCUETP8M1_13TeV-pythia8/ExLepEEZ_M1000_EleMC_20190117/190117_100852/0000/ExLepEEZ_M1000_EleMC_20190117_Ntuple_17.root
/cms/store/user/sthakur/ntuple_for2016Data_EleMC_20190117/EleMC_20190117/ExLepEEZ_M1000_EleMC_20190117/ExcitedLepton_EEZ-1000_TuneCUETP8M1_13TeV-pythia8/ExLepEEZ_M1000_EleMC_20190117/190117_100852/0000/ExLepEEZ_M1000_EleMC_20190117_Ntuple_18.root
/cms/store/user/sthakur/ntuple_for2016Data_EleMC_20190117/EleMC_20190117/ExLepEEZ_M1000_EleMC_20190117/ExcitedLepton_EEZ-1000_TuneCUETP8M1_13TeV-pythia8/ExLepEEZ_M1000_EleMC_20190117/190117_100852/0000/ExLepEEZ_M1000_EleMC_20190117_Ntuple_19.root
/cms/store/user/sthakur/ntuple_for2016Data_EleMC_20190117/EleMC_20190117/ExLepEEZ_M1000_EleMC_20190117/ExcitedLepton_EEZ-1000_TuneCUETP8M1_13TeV-pythia8/ExLepEEZ_M1000_EleMC_20190117/190117_100852/0000/ExLepEEZ_M1000_EleMC_20190117_Ntuple_2.root
/cms/store/user/sthakur/ntuple_for2016Data_EleMC_20190117/EleMC_20190117/ExLepEEZ_M1000_EleMC_20190117/ExcitedLepton_EEZ-1000_TuneCUETP8M1_13TeV-pythia8/ExLepEEZ_M1000_EleMC_20190117/190117_100852/0000/ExLepEEZ_M1000_EleMC_20190117_Ntuple_20.root
/cms/store/user/sthakur/ntuple_for2016Data_EleMC_20190117/EleMC_20190117/ExLepEEZ_M1000_EleMC_20190117/ExcitedLepton_EEZ-1000_TuneCUETP8M1_13TeV-pythia8/ExLepEEZ_M1000_EleMC_20190117/190117_100852/0000/ExLepEEZ_M1000_EleMC_20190117_Ntuple_21.root
/cms/store/user/sthakur/ntuple_for2016Data_EleMC_20190117/EleMC_20190117/ExLepEEZ_M1000_EleMC_20190117/ExcitedLepton_EEZ-1000_TuneCUETP8M1_13TeV-pythia8/ExLepEEZ_M1000_EleMC_20190117/190117_100852/0000/ExLepEEZ_M1000_EleMC_20190117_Ntuple_3.root
/cms/store/user/sthakur/ntuple_for2016Data_EleMC_20190117/EleMC_20190117/ExLepEEZ_M1000_EleMC_20190117/ExcitedLepton_EEZ-1000_TuneCUETP8M1_13TeV-pythia8/ExLepEEZ_M1000_EleMC_20190117/190117_100852/0000/ExLepEEZ_M1000_EleMC_20190117_Ntuple_4.root
/cms/store/user/sthakur/ntuple_for2016Data_EleMC_20190117/EleMC_20190117/ExLepEEZ_M1000_EleMC_20190117/ExcitedLepton_EEZ-1000_TuneCUETP8M1_13TeV-pythia8/ExLepEEZ_M1000_EleMC_20190117/190117_100852/0000/ExLepEEZ_M1000_EleMC_20190117_Ntuple_5.root
/cms/store/user/sthakur/ntuple_for2016Data_EleMC_20190117/EleMC_20190117/ExLepEEZ_M1000_EleMC_20190117/ExcitedLepton_EEZ-1000_TuneCUETP8M1_13TeV-pythia8/ExLepEEZ_M1000_EleMC_20190117/190117_100852/0000/ExLepEEZ_M1000_EleMC_20190117_Ntuple_6.root
/cms/store/user/sthakur/ntuple_for2016Data_EleMC_20190117/EleMC_20190117/ExLepEEZ_M1000_EleMC_20190117/ExcitedLepton_EEZ-1000_TuneCUETP8M1_13TeV-pythia8/ExLepEEZ_M1000_EleMC_20190117/190117_100852/0000/ExLepEEZ_M1000_EleMC_20190117_Ntuple_7.root
/cms/store/user/sthakur/ntuple_for2016Data_EleMC_20190117/EleMC_20190117/ExLepEEZ_M1000_EleMC_20190117/ExcitedLepton_EEZ-1000_TuneCUETP8M1_13TeV-pythia8/ExLepEEZ_M1000_EleMC_20190117/190117_100852/0000/ExLepEEZ_M1000_EleMC_20190117_Ntuple_8.root
/cms/store/user/sthakur/ntuple_for2016Data_EleMC_20190117/EleMC_20190117/ExLepEEZ_M1000_EleMC_20190117/ExcitedLepton_EEZ-1000_TuneCUETP8M1_13TeV-pythia8/ExLepEEZ_M1000_EleMC_20190117/190117_100852/0000/ExLepEEZ_M1000_EleMC_20190117_Ntuple_9.root
/cms/store/user/sthakur/ntuple_for2016Data_EleMC_20190117/EleMC_20190117/ExLepEEZ_M1250_EleMC_20190117/ExcitedLepton_EEZ-1250_TuneCUETP8M1_13TeV-pythia8/ExLepEEZ_M1250_EleMC_20190117/190117_100909/0000/ExLepEEZ_M1250_EleMC_20190117_Ntuple_1.root
/cms/store/user/sthakur/ntuple_for2016Data_EleMC_20190117/EleMC_20190117/ExLepEEZ_M1250_EleMC_20190117/ExcitedLepton_EEZ-1250_TuneCUETP8M1_13TeV-pythia8/ExLepEEZ_M1250_EleMC_20190117/190117_100909/0000/ExLepEEZ_M1250_EleMC_20190117_Ntuple_2.root
/cms/store/user/sthakur/ntuple_for2016Data_EleMC_20190117/EleMC_20190117/ExLepEEZ_M1250_EleMC_20190117/ExcitedLepton_EEZ-1250_TuneCUETP8M1_13TeV-pythia8/ExLepEEZ_M1250_EleMC_20190117/190117_100909/0000/ExLepEEZ_M1250_EleMC_20190117_Ntuple_3.root
/cms/store/user/sthakur/ntuple_for2016Data_EleMC_20190117/EleMC_20190117/ExLepEEZ_M1500_EleMC_20190117/ExcitedLepton_EEZ-1500_TuneCUETP8M1_13TeV-pythia8/ExLepEEZ_M1500_EleMC_20190117/190117_100930/0000/ExLepEEZ_M1500_EleMC_20190117_Ntuple_1.root
/cms/store/user/sthakur/ntuple_for2016Data_EleMC_20190117/EleMC_20190117/ExLepEEZ_M1500_EleMC_20190117/ExcitedLepton_EEZ-1500_TuneCUETP8M1_13TeV-pythia8/ExLepEEZ_M1500_EleMC_20190117/190117_100930/0000/ExLepEEZ_M1500_EleMC_20190117_Ntuple_2.root
/cms/store/user/sthakur/ntuple_for2016Data_EleMC_20190117/EleMC_20190117/ExLepEEZ_M1750_EleMC_20190117/ExcitedLepton_EEZ-1750_TuneCUETP8M1_13TeV-pythia8/ExLepEEZ_M1750_EleMC_20190117/190117_100949/0000/ExLepEEZ_M1750_EleMC_20190117_Ntuple_1.root
/cms/store/user/sthakur/ntuple_for2016Data_EleMC_20190117/EleMC_20190117/ExLepEEZ_M1750_EleMC_20190117/ExcitedLepton_EEZ-1750_TuneCUETP8M1_13TeV-pythia8/ExLepEEZ_M1750_EleMC_20190117/190117_100949/0000/ExLepEEZ_M1750_EleMC_20190117_Ntuple_2.root
/cms/store/user/sthakur/ntuple_for2016Data_EleMC_20190117/EleMC_20190117/ExLepEEZ_M1750_EleMC_20190117/ExcitedLepton_EEZ-1750_TuneCUETP8M1_13TeV-pythia8/ExLepEEZ_M1750_EleMC_20190117/190117_100949/0000/ExLepEEZ_M1750_EleMC_20190117_Ntuple_3.root
/cms/store/user/sthakur/ntuple_for2016Data_EleMC_20190117/EleMC_20190117/ExLepEEZ_M1750_EleMC_20190117/ExcitedLepton_EEZ-1750_TuneCUETP8M1_13TeV-pythia8/ExLepEEZ_M1750_EleMC_20190117/190117_100949/0000/ExLepEEZ_M1750_EleMC_20190117_Ntuple_4.root
/cms/store/user/sthakur/ntuple_for2016Data_EleMC_20190117/EleMC_20190117/ExLepEEZ_M2000_EleMC_20190117/ExcitedLepton_EEZ-2000_TuneCUETP8M1_13TeV-pythia8/ExLepEEZ_M2000_EleMC_20190117/190117_101008/0000/ExLepEEZ_M2000_EleMC_20190117_Ntuple_1.root
/cms/store/user/sthakur/ntuple_for2016Data_EleMC_20190117/EleMC_20190117/ExLepEEZ_M2000_EleMC_20190117/ExcitedLepton_EEZ-2000_TuneCUETP8M1_13TeV-pythia8/ExLepEEZ_M2000_EleMC_20190117/190117_101008/0000/ExLepEEZ_M2000_EleMC_20190117_Ntuple_2.root
/cms/store/user/sthakur/ntuple_for2016Data_EleMC_20190117/EleMC_20190117/ExLepEEZ_M2000_EleMC_20190117/ExcitedLepton_EEZ-2000_TuneCUETP8M1_13TeV-pythia8/ExLepEEZ_M2000_EleMC_20190117/190117_101008/0000/ExLepEEZ_M2000_EleMC_20190117_Ntuple_3.root
/cms/store/user/sthakur/ntuple_for2016Data_EleMC_20190117/EleMC_20190117/ExLepEEZ_M2500_EleMC_20190117/ExcitedLepton_EEZ-2500_TuneCUETP8M1_13TeV-pythia8/ExLepEEZ_M2500_EleMC_20190117/190117_101047/0000/ExLepEEZ_M2500_EleMC_20190117_Ntuple_1.root
/cms/store/user/sthakur/ntuple_for2016Data_EleMC_20190117/EleMC_20190117/ExLepEEZ_M2500_EleMC_20190117/ExcitedLepton_EEZ-2500_TuneCUETP8M1_13TeV-pythia8/ExLepEEZ_M2500_EleMC_20190117/190117_101047/0000/ExLepEEZ_M2500_EleMC_20190117_Ntuple_2.root
/cms/store/user/sthakur/ntuple_for2016Data_EleMC_20190117/EleMC_20190117/ExLepEEZ_M2500_EleMC_20190117/ExcitedLepton_EEZ-2500_TuneCUETP8M1_13TeV-pythia8/ExLepEEZ_M2500_EleMC_20190117/190117_101047/0000/ExLepEEZ_M2500_EleMC_20190117_Ntuple_3.root
/cms/store/user/sthakur/ntuple_for2016Data_EleMC_20190117/EleMC_20190117/ExLepEEZ_M250_EleMC_20190117/ExcitedLepton_EEZ-250_TuneCUETP8M1_13TeV-pythia8/ExLepEEZ_M250_EleMC_20190117/190117_101026/0000/ExLepEEZ_M250_EleMC_20190117_Ntuple_1.root
/cms/store/user/sthakur/ntuple_for2016Data_EleMC_20190117/EleMC_20190117/ExLepEEZ_M250_EleMC_20190117/ExcitedLepton_EEZ-250_TuneCUETP8M1_13TeV-pythia8/ExLepEEZ_M250_EleMC_20190117/190117_101026/0000/ExLepEEZ_M250_EleMC_20190117_Ntuple_2.root
/cms/store/user/sthakur/ntuple_for2016Data_EleMC_20190117/EleMC_20190117/ExLepEEZ_M250_EleMC_20190117/ExcitedLepton_EEZ-250_TuneCUETP8M1_13TeV-pythia8/ExLepEEZ_M250_EleMC_20190117/190117_101026/0000/ExLepEEZ_M250_EleMC_20190117_Ntuple_3.root
/cms/store/user/sthakur/ntuple_for2016Data_EleMC_20190117/EleMC_20190117/ExLepEEZ_M3000_EleMC_20190117/ExcitedLepton_EEZ-3000_TuneCUETP8M1_13TeV-pythia8/ExLepEEZ_M3000_EleMC_20190117/190117_101106/0000/ExLepEEZ_M3000_EleMC_20190117_Ntuple_1.root
/cms/store/user/sthakur/ntuple_for2016Data_EleMC_20190117/EleMC_20190117/ExLepEEZ_M3000_EleMC_20190117/ExcitedLepton_EEZ-3000_TuneCUETP8M1_13TeV-pythia8/ExLepEEZ_M3000_EleMC_20190117/190117_101106/0000/ExLepEEZ_M3000_EleMC_20190117_Ntuple_2.root
/cms/store/user/sthakur/ntuple_for2016Data_EleMC_20190117/EleMC_20190117/ExLepEEZ_M3000_EleMC_20190117/ExcitedLepton_EEZ-3000_TuneCUETP8M1_13TeV-pythia8/ExLepEEZ_M3000_EleMC_20190117/190117_101106/0000/ExLepEEZ_M3000_EleMC_20190117_Ntuple_3.root
/cms/store/user/sthakur/ntuple_for2016Data_EleMC_20190117/EleMC_20190117/ExLepEEZ_M3000_EleMC_20190117/ExcitedLepton_EEZ-3000_TuneCUETP8M1_13TeV-pythia8/ExLepEEZ_M3000_EleMC_20190117/190117_101106/0000/ExLepEEZ_M3000_EleMC_20190117_Ntuple_4.root
/cms/store/user/sthakur/ntuple_for2016Data_EleMC_20190117/EleMC_20190117/ExLepEEZ_M3500_EleMC_20190117/ExcitedLepton_EEZ-3500_TuneCUETP8M1_13TeV-pythia8/ExLepEEZ_M3500_EleMC_20190117/190117_101124/0000/ExLepEEZ_M3500_EleMC_20190117_Ntuple_1.root
/cms/store/user/sthakur/ntuple_for2016Data_EleMC_20190117/EleMC_20190117/ExLepEEZ_M3500_EleMC_20190117/ExcitedLepton_EEZ-3500_TuneCUETP8M1_13TeV-pythia8/ExLepEEZ_M3500_EleMC_20190117/190117_101124/0000/ExLepEEZ_M3500_EleMC_20190117_Ntuple_2.root
/cms/store/user/sthakur/ntuple_for2016Data_EleMC_20190117/EleMC_20190117/ExLepEEZ_M3500_EleMC_20190117/ExcitedLepton_EEZ-3500_TuneCUETP8M1_13TeV-pythia8/ExLepEEZ_M3500_EleMC_20190117/190117_101124/0000/ExLepEEZ_M3500_EleMC_20190117_Ntuple_3.root
/cms/store/user/sthakur/ntuple_for2016Data_EleMC_20190117/EleMC_20190117/ExLepEEZ_M3500_EleMC_20190117/ExcitedLepton_EEZ-3500_TuneCUETP8M1_13TeV-pythia8/ExLepEEZ_M3500_EleMC_20190117/190117_101124/0000/ExLepEEZ_M3500_EleMC_20190117_Ntuple_4.root
/cms/store/user/sthakur/ntuple_for2016Data_EleMC_20190117/EleMC_20190117/ExLepEEZ_M3500_EleMC_20190117/ExcitedLepton_EEZ-3500_TuneCUETP8M1_13TeV-pythia8/ExLepEEZ_M3500_EleMC_20190117/190117_101124/0000/ExLepEEZ_M3500_EleMC_20190117_Ntuple_5.root
/cms/store/user/sthakur/ntuple_for2016Data_EleMC_20190117/EleMC_20190117/ExLepEEZ_M4000_EleMC_20190117/ExcitedLepton_EEZ-4000_TuneCUETP8M1_13TeV-pythia8/ExLepEEZ_M4000_EleMC_20190117/190117_101142/0000/ExLepEEZ_M4000_EleMC_20190117_Ntuple_1.root
/cms/store/user/sthakur/ntuple_for2016Data_EleMC_20190117/EleMC_20190117/ExLepEEZ_M4000_EleMC_20190117/ExcitedLepton_EEZ-4000_TuneCUETP8M1_13TeV-pythia8/ExLepEEZ_M4000_EleMC_20190117/190117_101142/0000/ExLepEEZ_M4000_EleMC_20190117_Ntuple_2.root
/cms/store/user/sthakur/ntuple_for2016Data_EleMC_20190117/EleMC_20190117/ExLepEEZ_M4000_EleMC_20190117/ExcitedLepton_EEZ-4000_TuneCUETP8M1_13TeV-pythia8/ExLepEEZ_M4000_EleMC_20190117/190117_101142/0000/ExLepEEZ_M4000_EleMC_20190117_Ntuple_3.root
/cms/store/user/sthakur/ntuple_for2016Data_EleMC_20190117/EleMC_20190117/ExLepEEZ_M4000_EleMC_20190117/ExcitedLepton_EEZ-4000_TuneCUETP8M1_13TeV-pythia8/ExLepEEZ_M4000_EleMC_20190117/190117_101142/0000/ExLepEEZ_M4000_EleMC_20190117_Ntuple_4.root
/cms/store/user/sthakur/ntuple_for2016Data_EleMC_20190117/EleMC_20190117/ExLepEEZ_M4500_EleMC_20190117/ExcitedLepton_EEZ-4500_TuneCUETP8M1_13TeV-pythia8/ExLepEEZ_M4500_EleMC_20190117/190117_101204/0000/ExLepEEZ_M4500_EleMC_20190117_Ntuple_1.root
/cms/store/user/sthakur/ntuple_for2016Data_EleMC_20190117/EleMC_20190117/ExLepEEZ_M4500_EleMC_20190117/ExcitedLepton_EEZ-4500_TuneCUETP8M1_13TeV-pythia8/ExLepEEZ_M4500_EleMC_20190117/190117_101204/0000/ExLepEEZ_M4500_EleMC_20190117_Ntuple_2.root
/cms/store/user/sthakur/ntuple_for2016Data_EleMC_20190117/EleMC_20190117/ExLepEEZ_M4500_EleMC_20190117/ExcitedLepton_EEZ-4500_TuneCUETP8M1_13TeV-pythia8/ExLepEEZ_M4500_EleMC_20190117/190117_101204/0000/ExLepEEZ_M4500_EleMC_20190117_Ntuple_3.root
/cms/store/user/sthakur/ntuple_for2016Data_EleMC_20190117/EleMC_20190117/ExLepEEZ_M4500_EleMC_20190117/ExcitedLepton_EEZ-4500_TuneCUETP8M1_13TeV-pythia8/ExLepEEZ_M4500_EleMC_20190117/190117_101204/0000/ExLepEEZ_M4500_EleMC_20190117_Ntuple_4.root
/cms/store/user/sthakur/ntuple_for2016Data_EleMC_20190117/EleMC_20190117/ExLepEEZ_M5000_EleMC_20190117/ExcitedLepton_EEZ-5000_TuneCUETP8M1_13TeV-pythia8/ExLepEEZ_M5000_EleMC_20190117/190117_101239/0000/ExLepEEZ_M5000_EleMC_20190117_Ntuple_1.root
/cms/store/user/sthakur/ntuple_for2016Data_EleMC_20190117/EleMC_20190117/ExLepEEZ_M5000_EleMC_20190117/ExcitedLepton_EEZ-5000_TuneCUETP8M1_13TeV-pythia8/ExLepEEZ_M5000_EleMC_20190117/190117_101239/0000/ExLepEEZ_M5000_EleMC_20190117_Ntuple_2.root
/cms/store/user/sthakur/ntuple_for2016Data_EleMC_20190117/EleMC_20190117/ExLepEEZ_M5000_EleMC_20190117/ExcitedLepton_EEZ-5000_TuneCUETP8M1_13TeV-pythia8/ExLepEEZ_M5000_EleMC_20190117/190117_101239/0000/ExLepEEZ_M5000_EleMC_20190117_Ntuple_3.root
/cms/store/user/sthakur/ntuple_for2016Data_EleMC_20190117/EleMC_20190117/ExLepEEZ_M5000_EleMC_20190117/ExcitedLepton_EEZ-5000_TuneCUETP8M1_13TeV-pythia8/ExLepEEZ_M5000_EleMC_20190117/190117_101239/0000/ExLepEEZ_M5000_EleMC_20190117_Ntuple_4.root
/cms/store/user/sthakur/ntuple_for2016Data_EleMC_20190117/EleMC_20190117/ExLepEEZ_M5000_EleMC_20190117/ExcitedLepton_EEZ-5000_TuneCUETP8M1_13TeV-pythia8/ExLepEEZ_M5000_EleMC_20190117/190117_101239/0000/ExLepEEZ_M5000_EleMC_20190117_Ntuple_5.root
/cms/store/user/sthakur/ntuple_for2016Data_EleMC_20190117/EleMC_20190117/ExLepEEZ_M500_EleMC_20190117/ExcitedLepton_EEZ-500_TuneCUETP8M1_13TeV-pythia8/ExLepEEZ_M500_EleMC_20190117/190117_101221/0000/ExLepEEZ_M500_EleMC_20190117_Ntuple_1.root
/cms/store/user/sthakur/ntuple_for2016Data_EleMC_20190117/EleMC_20190117/ExLepEEZ_M500_EleMC_20190117/ExcitedLepton_EEZ-500_TuneCUETP8M1_13TeV-pythia8/ExLepEEZ_M500_EleMC_20190117/190117_101221/0000/ExLepEEZ_M500_EleMC_20190117_Ntuple_2.root
/cms/store/user/sthakur/ntuple_for2016Data_EleMC_20190117/EleMC_20190117/ExLepEEZ_M500_EleMC_20190117/ExcitedLepton_EEZ-500_TuneCUETP8M1_13TeV-pythia8/ExLepEEZ_M500_EleMC_20190117/190117_101221/0000/ExLepEEZ_M500_EleMC_20190117_Ntuple_3.root
/cms/store/user/sthakur/ntuple_for2016Data_EleMC_20190117/EleMC_20190117/ExLepEEZ_M500_EleMC_20190117/ExcitedLepton_EEZ-500_TuneCUETP8M1_13TeV-pythia8/ExLepEEZ_M500_EleMC_20190117/190117_101221/0000/ExLepEEZ_M500_EleMC_20190117_Ntuple_4.root
/cms/store/user/sthakur/ntuple_for2016Data_EleMC_20190117/EleMC_20190117/ExLepEEZ_M750_EleMC_20190117/ExcitedLepton_EEZ-750_TuneCUETP8M1_13TeV-pythia8/ExLepEEZ_M750_EleMC_20190117/190117_101257/0000/ExLepEEZ_M750_EleMC_20190117_Ntuple_1.root
/cms/store/user/sthakur/ntuple_for2016Data_EleMC_20190117/EleMC_20190117/ExLepEEZ_M750_EleMC_20190117/ExcitedLepton_EEZ-750_TuneCUETP8M1_13TeV-pythia8/ExLepEEZ_M750_EleMC_20190117/190117_101257/0000/ExLepEEZ_M750_EleMC_20190117_Ntuple_2.root
/cms/store/user/sthakur/ntuple_for2016Data_EleMC_20190117/EleMC_20190117/ExLepEEZ_M750_EleMC_20190117/ExcitedLepton_EEZ-750_TuneCUETP8M1_13TeV-pythia8/ExLepEEZ_M750_EleMC_20190117/190117_101257/0000/ExLepEEZ_M750_EleMC_20190117_Ntuple_3.root
/cms/store/user/sthakur/ntuple_for2016Data_EleMC_20190117/EleMC_20190117/ExLepEEZ_M750_EleMC_20190117/ExcitedLepton_EEZ-750_TuneCUETP8M1_13TeV-pythia8/ExLepEEZ_M750_EleMC_20190117/190117_101257/0000/ExLepEEZ_M750_EleMC_20190117_Ntuple_4.root
/cms/store/user/sthakur/ntuple_for2016Data_EleMC_20190117/EleMC_20190117/TT_EleMC_20190117/TT_TuneCUETP8M2T4_13TeV-powheg-pythia8/TT_EleMC_20190117/190117_103502/0000/TT_EleMC_20190117_Ntuple_1.root
/cms/store/user/sthakur/ntuple_for2016Data_EleMC_20190117/EleMC_20190117/TT_EleMC_20190117/TT_TuneCUETP8M2T4_13TeV-powheg-pythia8/TT_EleMC_20190117/190117_103502/0000/TT_EleMC_20190117_Ntuple_10.root
/cms/store/user/sthakur/ntuple_for2016Data_EleMC_20190117/EleMC_20190117/TT_EleMC_20190117/TT_TuneCUETP8M2T4_13TeV-powheg-pythia8/TT_EleMC_20190117/190117_103502/0000/TT_EleMC_20190117_Ntuple_11.root
/cms/store/user/sthakur/ntuple_for2016Data_EleMC_20190117/EleMC_20190117/TT_EleMC_20190117/TT_TuneCUETP8M2T4_13TeV-powheg-pythia8/TT_EleMC_20190117/190117_103502/0000/TT_EleMC_20190117_Ntuple_12.root
/cms/store/user/sthakur/ntuple_for2016Data_EleMC_20190117/EleMC_20190117/TT_EleMC_20190117/TT_TuneCUETP8M2T4_13TeV-powheg-pythia8/TT_EleMC_20190117/190117_103502/0000/TT_EleMC_20190117_Ntuple_13.root
/cms/store/user/sthakur/ntuple_for2016Data_EleMC_20190117/EleMC_20190117/TT_EleMC_20190117/TT_TuneCUETP8M2T4_13TeV-powheg-pythia8/TT_EleMC_20190117/190117_103502/0000/TT_EleMC_20190117_Ntuple_14.root
/cms/store/user/sthakur/ntuple_for2016Data_EleMC_20190117/EleMC_20190117/TT_EleMC_20190117/TT_TuneCUETP8M2T4_13TeV-powheg-pythia8/TT_EleMC_20190117/190117_103502/0000/TT_EleMC_20190117_Ntuple_15.root
/cms/store/user/sthakur/ntuple_for2016Data_EleMC_20190117/EleMC_20190117/TT_EleMC_20190117/TT_TuneCUETP8M2T4_13TeV-powheg-pythia8/TT_EleMC_20190117/190117_103502/0000/TT_EleMC_20190117_Ntuple_16.root
/cms/store/user/sthakur/ntuple_for2016Data_EleMC_20190117/EleMC_20190117/TT_EleMC_20190117/TT_TuneCUETP8M2T4_13TeV-powheg-pythia8/TT_EleMC_20190117/190117_103502/0000/TT_EleMC_20190117_Ntuple_17.root
/cms/store/user/sthakur/ntuple_for2016Data_EleMC_20190117/EleMC_20190117/TT_EleMC_20190117/TT_TuneCUETP8M2T4_13TeV-powheg-pythia8/TT_EleMC_20190117/190117_103502/0000/TT_EleMC_20190117_Ntuple_18.root
/cms/store/user/sthakur/ntuple_for2016Data_EleMC_20190117/EleMC_20190117/TT_EleMC_20190117/TT_TuneCUETP8M2T4_13TeV-powheg-pythia8/TT_EleMC_20190117/190117_103502/0000/TT_EleMC_20190117_Ntuple_19.root
/cms/store/user/sthakur/ntuple_for2016Data_EleMC_20190117/EleMC_20190117/TT_EleMC_20190117/TT_TuneCUETP8M2T4_13TeV-powheg-pythia8/TT_EleMC_20190117/190117_103502/0000/TT_EleMC_20190117_Ntuple_2.root
/cms/store/user/sthakur/ntuple_for2016Data_EleMC_20190117/EleMC_20190117/TT_EleMC_20190117/TT_TuneCUETP8M2T4_13TeV-powheg-pythia8/TT_EleMC_20190117/190117_103502/0000/TT_EleMC_20190117_Ntuple_20.root
/cms/store/user/sthakur/ntuple_for2016Data_EleMC_20190117/EleMC_20190117/TT_EleMC_20190117/TT_TuneCUETP8M2T4_13TeV-powheg-pythia8/TT_EleMC_20190117/190117_103502/0000/TT_EleMC_20190117_Ntuple_21.root
/cms/store/user/sthakur/ntuple_for2016Data_EleMC_20190117/EleMC_20190117/TT_EleMC_20190117/TT_TuneCUETP8M2T4_13TeV-powheg-pythia8/TT_EleMC_20190117/190117_103502/0000/TT_EleMC_20190117_Ntuple_22.root
/cms/store/user/sthakur/ntuple_for2016Data_EleMC_20190117/EleMC_20190117/TT_EleMC_20190117/TT_TuneCUETP8M2T4_13TeV-powheg-pythia8/TT_EleMC_20190117/190117_103502/0000/TT_EleMC_20190117_Ntuple_23.root
/cms/store/user/sthakur/ntuple_for2016Data_EleMC_20190117/EleMC_20190117/TT_EleMC_20190117/TT_TuneCUETP8M2T4_13TeV-powheg-pythia8/TT_EleMC_20190117/190117_103502/0000/TT_EleMC_20190117_Ntuple_24.root
/cms/store/user/sthakur/ntuple_for2016Data_EleMC_20190117/EleMC_20190117/TT_EleMC_20190117/TT_TuneCUETP8M2T4_13TeV-powheg-pythia8/TT_EleMC_20190117/190117_103502/0000/TT_EleMC_20190117_Ntuple_25.root
/cms/store/user/sthakur/ntuple_for2016Data_EleMC_20190117/EleMC_20190117/TT_EleMC_20190117/TT_TuneCUETP8M2T4_13TeV-powheg-pythia8/TT_EleMC_20190117/190117_103502/0000/TT_EleMC_20190117_Ntuple_26.root
/cms/store/user/sthakur/ntuple_for2016Data_EleMC_20190117/EleMC_20190117/TT_EleMC_20190117/TT_TuneCUETP8M2T4_13TeV-powheg-pythia8/TT_EleMC_20190117/190117_103502/0000/TT_EleMC_20190117_Ntuple_27.root
/cms/store/user/sthakur/ntuple_for2016Data_EleMC_20190117/EleMC_20190117/TT_EleMC_20190117/TT_TuneCUETP8M2T4_13TeV-powheg-pythia8/TT_EleMC_20190117/190117_103502/0000/TT_EleMC_20190117_Ntuple_28.root
/cms/store/user/sthakur/ntuple_for2016Data_EleMC_20190117/EleMC_20190117/TT_EleMC_20190117/TT_TuneCUETP8M2T4_13TeV-powheg-pythia8/TT_EleMC_20190117/190117_103502/0000/TT_EleMC_20190117_Ntuple_29.root
/cms/store/user/sthakur/ntuple_for2016Data_EleMC_20190117/EleMC_20190117/TT_EleMC_20190117/TT_TuneCUETP8M2T4_13TeV-powheg-pythia8/TT_EleMC_20190117/190117_103502/0000/TT_EleMC_20190117_Ntuple_3.root
/cms/store/user/sthakur/ntuple_for2016Data_EleMC_20190117/EleMC_20190117/TT_EleMC_20190117/TT_TuneCUETP8M2T4_13TeV-powheg-pythia8/TT_EleMC_20190117/190117_103502/0000/TT_EleMC_20190117_Ntuple_30.root
/cms/store/user/sthakur/ntuple_for2016Data_EleMC_20190117/EleMC_20190117/TT_EleMC_20190117/TT_TuneCUETP8M2T4_13TeV-powheg-pythia8/TT_EleMC_20190117/190117_103502/0000/TT_EleMC_20190117_Ntuple_31.root
/cms/store/user/sthakur/ntuple_for2016Data_EleMC_20190117/EleMC_20190117/TT_EleMC_20190117/TT_TuneCUETP8M2T4_13TeV-powheg-pythia8/TT_EleMC_20190117/190117_103502/0000/TT_EleMC_20190117_Ntuple_32.root
/cms/store/user/sthakur/ntuple_for2016Data_EleMC_20190117/EleMC_20190117/TT_EleMC_20190117/TT_TuneCUETP8M2T4_13TeV-powheg-pythia8/TT_EleMC_20190117/190117_103502/0000/TT_EleMC_20190117_Ntuple_33.root
/cms/store/user/sthakur/ntuple_for2016Data_EleMC_20190117/EleMC_20190117/TT_EleMC_20190117/TT_TuneCUETP8M2T4_13TeV-powheg-pythia8/TT_EleMC_20190117/190117_103502/0000/TT_EleMC_20190117_Ntuple_34.root
/cms/store/user/sthakur/ntuple_for2016Data_EleMC_20190117/EleMC_20190117/TT_EleMC_20190117/TT_TuneCUETP8M2T4_13TeV-powheg-pythia8/TT_EleMC_20190117/190117_103502/0000/TT_EleMC_20190117_Ntuple_35.root
/cms/store/user/sthakur/ntuple_for2016Data_EleMC_20190117/EleMC_20190117/TT_EleMC_20190117/TT_TuneCUETP8M2T4_13TeV-powheg-pythia8/TT_EleMC_20190117/190117_103502/0000/TT_EleMC_20190117_Ntuple_36.root
/cms/store/user/sthakur/ntuple_for2016Data_EleMC_20190117/EleMC_20190117/TT_EleMC_20190117/TT_TuneCUETP8M2T4_13TeV-powheg-pythia8/TT_EleMC_20190117/190117_103502/0000/TT_EleMC_20190117_Ntuple_37.root
/cms/store/user/sthakur/ntuple_for2016Data_EleMC_20190117/EleMC_20190117/TT_EleMC_20190117/TT_TuneCUETP8M2T4_13TeV-powheg-pythia8/TT_EleMC_20190117/190117_103502/0000/TT_EleMC_20190117_Ntuple_38.root
/cms/store/user/sthakur/ntuple_for2016Data_EleMC_20190117/EleMC_20190117/TT_EleMC_20190117/TT_TuneCUETP8M2T4_13TeV-powheg-pythia8/TT_EleMC_20190117/190117_103502/0000/TT_EleMC_20190117_Ntuple_39.root
/cms/store/user/sthakur/ntuple_for2016Data_EleMC_20190117/EleMC_20190117/TT_EleMC_20190117/TT_TuneCUETP8M2T4_13TeV-powheg-pythia8/TT_EleMC_20190117/190117_103502/0000/TT_EleMC_20190117_Ntuple_4.root
/cms/store/user/sthakur/ntuple_for2016Data_EleMC_20190117/EleMC_20190117/TT_EleMC_20190117/TT_TuneCUETP8M2T4_13TeV-powheg-pythia8/TT_EleMC_20190117/190117_103502/0000/TT_EleMC_20190117_Ntuple_40.root
/cms/store/user/sthakur/ntuple_for2016Data_EleMC_20190117/EleMC_20190117/TT_EleMC_20190117/TT_TuneCUETP8M2T4_13TeV-powheg-pythia8/TT_EleMC_20190117/190117_103502/0000/TT_EleMC_20190117_Ntuple_41.root
/cms/store/user/sthakur/ntuple_for2016Data_EleMC_20190117/EleMC_20190117/TT_EleMC_20190117/TT_TuneCUETP8M2T4_13TeV-powheg-pythia8/TT_EleMC_20190117/190117_103502/0000/TT_EleMC_20190117_Ntuple_42.root
/cms/store/user/sthakur/ntuple_for2016Data_EleMC_20190117/EleMC_20190117/TT_EleMC_20190117/TT_TuneCUETP8M2T4_13TeV-powheg-pythia8/TT_EleMC_20190117/190117_103502/0000/TT_EleMC_20190117_Ntuple_43.root
/cms/store/user/sthakur/ntuple_for2016Data_EleMC_20190117/EleMC_20190117/TT_EleMC_20190117/TT_TuneCUETP8M2T4_13TeV-powheg-pythia8/TT_EleMC_20190117/190117_103502/0000/TT_EleMC_20190117_Ntuple_44.root
/cms/store/user/sthakur/ntuple_for2016Data_EleMC_20190117/EleMC_20190117/TT_EleMC_20190117/TT_TuneCUETP8M2T4_13TeV-powheg-pythia8/TT_EleMC_20190117/190117_103502/0000/TT_EleMC_20190117_Ntuple_45.root
/cms/store/user/sthakur/ntuple_for2016Data_EleMC_20190117/EleMC_20190117/TT_EleMC_20190117/TT_TuneCUETP8M2T4_13TeV-powheg-pythia8/TT_EleMC_20190117/190117_103502/0000/TT_EleMC_20190117_Ntuple_46.root
/cms/store/user/sthakur/ntuple_for2016Data_EleMC_20190117/EleMC_20190117/TT_EleMC_20190117/TT_TuneCUETP8M2T4_13TeV-powheg-pythia8/TT_EleMC_20190117/190117_103502/0000/TT_EleMC_20190117_Ntuple_47.root
/cms/store/user/sthakur/ntuple_for2016Data_EleMC_20190117/EleMC_20190117/TT_EleMC_20190117/TT_TuneCUETP8M2T4_13TeV-powheg-pythia8/TT_EleMC_20190117/190117_103502/0000/TT_EleMC_20190117_Ntuple_48.root
/cms/store/user/sthakur/ntuple_for2016Data_EleMC_20190117/EleMC_20190117/TT_EleMC_20190117/TT_TuneCUETP8M2T4_13TeV-powheg-pythia8/TT_EleMC_20190117/190117_103502/0000/TT_EleMC_20190117_Ntuple_49.root
/cms/store/user/sthakur/ntuple_for2016Data_EleMC_20190117/EleMC_20190117/TT_EleMC_20190117/TT_TuneCUETP8M2T4_13TeV-powheg-pythia8/TT_EleMC_20190117/190117_103502/0000/TT_EleMC_20190117_Ntuple_5.root
/cms/store/user/sthakur/ntuple_for2016Data_EleMC_20190117/EleMC_20190117/TT_EleMC_20190117/TT_TuneCUETP8M2T4_13TeV-powheg-pythia8/TT_EleMC_20190117/190117_103502/0000/TT_EleMC_20190117_Ntuple_50.root
/cms/store/user/sthakur/ntuple_for2016Data_EleMC_20190117/EleMC_20190117/TT_EleMC_20190117/TT_TuneCUETP8M2T4_13TeV-powheg-pythia8/TT_EleMC_20190117/190117_103502/0000/TT_EleMC_20190117_Ntuple_51.root
/cms/store/user/sthakur/ntuple_for2016Data_EleMC_20190117/EleMC_20190117/TT_EleMC_20190117/TT_TuneCUETP8M2T4_13TeV-powheg-pythia8/TT_EleMC_20190117/190117_103502/0000/TT_EleMC_20190117_Ntuple_52.root
/cms/store/user/sthakur/ntuple_for2016Data_EleMC_20190117/EleMC_20190117/TT_EleMC_20190117/TT_TuneCUETP8M2T4_13TeV-powheg-pythia8/TT_EleMC_20190117/190117_103502/0000/TT_EleMC_20190117_Ntuple_53.root
/cms/store/user/sthakur/ntuple_for2016Data_EleMC_20190117/EleMC_20190117/TT_EleMC_20190117/TT_TuneCUETP8M2T4_13TeV-powheg-pythia8/TT_EleMC_20190117/190117_103502/0000/TT_EleMC_20190117_Ntuple_54.root
/cms/store/user/sthakur/ntuple_for2016Data_EleMC_20190117/EleMC_20190117/TT_EleMC_20190117/TT_TuneCUETP8M2T4_13TeV-powheg-pythia8/TT_EleMC_20190117/190117_103502/0000/TT_EleMC_20190117_Ntuple_55.root
/cms/store/user/sthakur/ntuple_for2016Data_EleMC_20190117/EleMC_20190117/TT_EleMC_20190117/TT_TuneCUETP8M2T4_13TeV-powheg-pythia8/TT_EleMC_20190117/190117_103502/0000/TT_EleMC_20190117_Ntuple_56.root
/cms/store/user/sthakur/ntuple_for2016Data_EleMC_20190117/EleMC_20190117/TT_EleMC_20190117/TT_TuneCUETP8M2T4_13TeV-powheg-pythia8/TT_EleMC_20190117/190117_103502/0000/TT_EleMC_20190117_Ntuple_57.root
/cms/store/user/sthakur/ntuple_for2016Data_EleMC_20190117/EleMC_20190117/TT_EleMC_20190117/TT_TuneCUETP8M2T4_13TeV-powheg-pythia8/TT_EleMC_20190117/190117_103502/0000/TT_EleMC_20190117_Ntuple_58.root
/cms/store/user/sthakur/ntuple_for2016Data_EleMC_20190117/EleMC_20190117/TT_EleMC_20190117/TT_TuneCUETP8M2T4_13TeV-powheg-pythia8/TT_EleMC_20190117/190117_103502/0000/TT_EleMC_20190117_Ntuple_59.root
/cms/store/user/sthakur/ntuple_for2016Data_EleMC_20190117/EleMC_20190117/TT_EleMC_20190117/TT_TuneCUETP8M2T4_13TeV-powheg-pythia8/TT_EleMC_20190117/190117_103502/0000/TT_EleMC_20190117_Ntuple_6.root
/cms/store/user/sthakur/ntuple_for2016Data_EleMC_20190117/EleMC_20190117/TT_EleMC_20190117/TT_TuneCUETP8M2T4_13TeV-powheg-pythia8/TT_EleMC_20190117/190117_103502/0000/TT_EleMC_20190117_Ntuple_60.root
/cms/store/user/sthakur/ntuple_for2016Data_EleMC_20190117/EleMC_20190117/TT_EleMC_20190117/TT_TuneCUETP8M2T4_13TeV-powheg-pythia8/TT_EleMC_20190117/190117_103502/0000/TT_EleMC_20190117_Ntuple_61.root
/cms/store/user/sthakur/ntuple_for2016Data_EleMC_20190117/EleMC_20190117/TT_EleMC_20190117/TT_TuneCUETP8M2T4_13TeV-powheg-pythia8/TT_EleMC_20190117/190117_103502/0000/TT_EleMC_20190117_Ntuple_62.root
/cms/store/user/sthakur/ntuple_for2016Data_EleMC_20190117/EleMC_20190117/TT_EleMC_20190117/TT_TuneCUETP8M2T4_13TeV-powheg-pythia8/TT_EleMC_20190117/190117_103502/0000/TT_EleMC_20190117_Ntuple_63.root
/cms/store/user/sthakur/ntuple_for2016Data_EleMC_20190117/EleMC_20190117/TT_EleMC_20190117/TT_TuneCUETP8M2T4_13TeV-powheg-pythia8/TT_EleMC_20190117/190117_103502/0000/TT_EleMC_20190117_Ntuple_64.root
/cms/store/user/sthakur/ntuple_for2016Data_EleMC_20190117/EleMC_20190117/TT_EleMC_20190117/TT_TuneCUETP8M2T4_13TeV-powheg-pythia8/TT_EleMC_20190117/190117_103502/0000/TT_EleMC_20190117_Ntuple_65.root
/cms/store/user/sthakur/ntuple_for2016Data_EleMC_20190117/EleMC_20190117/TT_EleMC_20190117/TT_TuneCUETP8M2T4_13TeV-powheg-pythia8/TT_EleMC_20190117/190117_103502/0000/TT_EleMC_20190117_Ntuple_66.root
/cms/store/user/sthakur/ntuple_for2016Data_EleMC_20190117/EleMC_20190117/TT_EleMC_20190117/TT_TuneCUETP8M2T4_13TeV-powheg-pythia8/TT_EleMC_20190117/190117_103502/0000/TT_EleMC_20190117_Ntuple_67.root
/cms/store/user/sthakur/ntuple_for2016Data_EleMC_20190117/EleMC_20190117/TT_EleMC_20190117/TT_TuneCUETP8M2T4_13TeV-powheg-pythia8/TT_EleMC_20190117/190117_103502/0000/TT_EleMC_20190117_Ntuple_68.root
/cms/store/user/sthakur/ntuple_for2016Data_EleMC_20190117/EleMC_20190117/TT_EleMC_20190117/TT_TuneCUETP8M2T4_13TeV-powheg-pythia8/TT_EleMC_20190117/190117_103502/0000/TT_EleMC_20190117_Ntuple_69.root
/cms/store/user/sthakur/ntuple_for2016Data_EleMC_20190117/EleMC_20190117/TT_EleMC_20190117/TT_TuneCUETP8M2T4_13TeV-powheg-pythia8/TT_EleMC_20190117/190117_103502/0000/TT_EleMC_20190117_Ntuple_7.root
/cms/store/user/sthakur/ntuple_for2016Data_EleMC_20190117/EleMC_20190117/TT_EleMC_20190117/TT_TuneCUETP8M2T4_13TeV-powheg-pythia8/TT_EleMC_20190117/190117_103502/0000/TT_EleMC_20190117_Ntuple_70.root
/cms/store/user/sthakur/ntuple_for2016Data_EleMC_20190117/EleMC_20190117/TT_EleMC_20190117/TT_TuneCUETP8M2T4_13TeV-powheg-pythia8/TT_EleMC_20190117/190117_103502/0000/TT_EleMC_20190117_Ntuple_71.root
/cms/store/user/sthakur/ntuple_for2016Data_EleMC_20190117/EleMC_20190117/TT_EleMC_20190117/TT_TuneCUETP8M2T4_13TeV-powheg-pythia8/TT_EleMC_20190117/190117_103502/0000/TT_EleMC_20190117_Ntuple_72.root
/cms/store/user/sthakur/ntuple_for2016Data_EleMC_20190117/EleMC_20190117/TT_EleMC_20190117/TT_TuneCUETP8M2T4_13TeV-powheg-pythia8/TT_EleMC_20190117/190117_103502/0000/TT_EleMC_20190117_Ntuple_73.root
/cms/store/user/sthakur/ntuple_for2016Data_EleMC_20190117/EleMC_20190117/TT_EleMC_20190117/TT_TuneCUETP8M2T4_13TeV-powheg-pythia8/TT_EleMC_20190117/190117_103502/0000/TT_EleMC_20190117_Ntuple_74.root
/cms/store/user/sthakur/ntuple_for2016Data_EleMC_20190117/EleMC_20190117/TT_EleMC_20190117/TT_TuneCUETP8M2T4_13TeV-powheg-pythia8/TT_EleMC_20190117/190117_103502/0000/TT_EleMC_20190117_Ntuple_75.root
/cms/store/user/sthakur/ntuple_for2016Data_EleMC_20190117/EleMC_20190117/TT_EleMC_20190117/TT_TuneCUETP8M2T4_13TeV-powheg-pythia8/TT_EleMC_20190117/190117_103502/0000/TT_EleMC_20190117_Ntuple_76.root
/cms/store/user/sthakur/ntuple_for2016Data_EleMC_20190117/EleMC_20190117/TT_EleMC_20190117/TT_TuneCUETP8M2T4_13TeV-powheg-pythia8/TT_EleMC_20190117/190117_103502/0000/TT_EleMC_20190117_Ntuple_77.root
/cms/store/user/sthakur/ntuple_for2016Data_EleMC_20190117/EleMC_20190117/TT_EleMC_20190117/TT_TuneCUETP8M2T4_13TeV-powheg-pythia8/TT_EleMC_20190117/190117_103502/0000/TT_EleMC_20190117_Ntuple_78.root
/cms/store/user/sthakur/ntuple_for2016Data_EleMC_20190117/EleMC_20190117/TT_EleMC_20190117/TT_TuneCUETP8M2T4_13TeV-powheg-pythia8/TT_EleMC_20190117/190117_103502/0000/TT_EleMC_20190117_Ntuple_79.root
/cms/store/user/sthakur/ntuple_for2016Data_EleMC_20190117/EleMC_20190117/TT_EleMC_20190117/TT_TuneCUETP8M2T4_13TeV-powheg-pythia8/TT_EleMC_20190117/190117_103502/0000/TT_EleMC_20190117_Ntuple_8.root
/cms/store/user/sthakur/ntuple_for2016Data_EleMC_20190117/EleMC_20190117/TT_EleMC_20190117/TT_TuneCUETP8M2T4_13TeV-powheg-pythia8/TT_EleMC_20190117/190117_103502/0000/TT_EleMC_20190117_Ntuple_80.root
/cms/store/user/sthakur/ntuple_for2016Data_EleMC_20190117/EleMC_20190117/TT_EleMC_20190117/TT_TuneCUETP8M2T4_13TeV-powheg-pythia8/TT_EleMC_20190117/190117_103502/0000/TT_EleMC_20190117_Ntuple_81.root
/cms/store/user/sthakur/ntuple_for2016Data_EleMC_20190117/EleMC_20190117/TT_EleMC_20190117/TT_TuneCUETP8M2T4_13TeV-powheg-pythia8/TT_EleMC_20190117/190117_103502/0000/TT_EleMC_20190117_Ntuple_82.root
/cms/store/user/sthakur/ntuple_for2016Data_EleMC_20190117/EleMC_20190117/TT_EleMC_20190117/TT_TuneCUETP8M2T4_13TeV-powheg-pythia8/TT_EleMC_20190117/190117_103502/0000/TT_EleMC_20190117_Ntuple_83.root
/cms/store/user/sthakur/ntuple_for2016Data_EleMC_20190117/EleMC_20190117/TT_EleMC_20190117/TT_TuneCUETP8M2T4_13TeV-powheg-pythia8/TT_EleMC_20190117/190117_103502/0000/TT_EleMC_20190117_Ntuple_84.root
/cms/store/user/sthakur/ntuple_for2016Data_EleMC_20190117/EleMC_20190117/TT_EleMC_20190117/TT_TuneCUETP8M2T4_13TeV-powheg-pythia8/TT_EleMC_20190117/190117_103502/0000/TT_EleMC_20190117_Ntuple_85.root
/cms/store/user/sthakur/ntuple_for2016Data_EleMC_20190117/EleMC_20190117/TT_EleMC_20190117/TT_TuneCUETP8M2T4_13TeV-powheg-pythia8/TT_EleMC_20190117/190117_103502/0000/TT_EleMC_20190117_Ntuple_86.root
/cms/store/user/sthakur/ntuple_for2016Data_EleMC_20190117/EleMC_20190117/TT_EleMC_20190117/TT_TuneCUETP8M2T4_13TeV-powheg-pythia8/TT_EleMC_20190117/190117_103502/0000/TT_EleMC_20190117_Ntuple_87.root
/cms/store/user/sthakur/ntuple_for2016Data_EleMC_20190117/EleMC_20190117/TT_EleMC_20190117/TT_TuneCUETP8M2T4_13TeV-powheg-pythia8/TT_EleMC_20190117/190117_103502/0000/TT_EleMC_20190117_Ntuple_88.root
/cms/store/user/sthakur/ntuple_for2016Data_EleMC_20190117/EleMC_20190117/TT_EleMC_20190117/TT_TuneCUETP8M2T4_13TeV-powheg-pythia8/TT_EleMC_20190117/190117_103502/0000/TT_EleMC_20190117_Ntuple_89.root
/cms/store/user/sthakur/ntuple_for2016Data_EleMC_20190117/EleMC_20190117/TT_EleMC_20190117/TT_TuneCUETP8M2T4_13TeV-powheg-pythia8/TT_EleMC_20190117/190117_103502/0000/TT_EleMC_20190117_Ntuple_9.root
/cms/store/user/sthakur/ntuple_for2016Data_EleMC_20190117/EleMC_20190117/TT_EleMC_20190117/TT_TuneCUETP8M2T4_13TeV-powheg-pythia8/TT_EleMC_20190117/190117_103502/0000/TT_EleMC_20190117_Ntuple_90.root
/cms/store/user/sthakur/ntuple_for2016Data_EleMC_20190117/EleMC_20190117/TT_EleMC_20190117/TT_TuneCUETP8M2T4_13TeV-powheg-pythia8/TT_EleMC_20190117/190117_103502/0000/TT_EleMC_20190117_Ntuple_91.root
/cms/store/user/sthakur/ntuple_for2016Data_EleMC_20190117/EleMC_20190117/TT_EleMC_20190117/TT_TuneCUETP8M2T4_13TeV-powheg-pythia8/TT_EleMC_20190117/190117_103502/0000/TT_EleMC_20190117_Ntuple_92.root
/cms/store/user/sthakur/ntuple_for2016Data_EleMC_20190117/EleMC_20190117/TT_EleMC_20190117/TT_TuneCUETP8M2T4_13TeV-powheg-pythia8/TT_EleMC_20190117/190117_103502/0000/TT_EleMC_20190117_Ntuple_93.root
/cms/store/user/sthakur/ntuple_for2016Data_EleMC_20190117/EleMC_20190117/TT_EleMC_20190117/TT_TuneCUETP8M2T4_13TeV-powheg-pythia8/TT_EleMC_20190117/190117_103502/0000/TT_EleMC_20190117_Ntuple_94.root
/cms/store/user/sthakur/ntuple_for2016Data_EleMC_20190117/EleMC_20190117/TT_EleMC_20190117/TT_TuneCUETP8M2T4_13TeV-powheg-pythia8/TT_EleMC_20190117/190117_103502/0000/TT_EleMC_20190117_Ntuple_95.root
/cms/store/user/sthakur/ntuple_for2016Data_EleMC_20190117/EleMC_20190117/TT_EleMC_20190117/TT_TuneCUETP8M2T4_13TeV-powheg-pythia8/TT_EleMC_20190117/190117_103502/0000/TT_EleMC_20190117_Ntuple_96.root
/cms/store/user/sthakur/ntuple_for2016Data_EleMC_20190117/EleMC_20190117/TT_EleMC_20190117/TT_TuneCUETP8M2T4_13TeV-powheg-pythia8/TT_EleMC_20190117/190117_103502/0000/TT_EleMC_20190117_Ntuple_97.root
/cms/store/user/sthakur/ntuple_for2016Data_EleMC_20190117/EleMC_20190117/TT_EleMC_20190117/TT_TuneCUETP8M2T4_13TeV-powheg-pythia8/TT_EleMC_20190117/190117_103502/0000/TT_EleMC_20190117_Ntuple_98.root
/cms/store/user/sthakur/ntuple_for2016Data_EleMC_20190117/EleMC_20190117/TT_EleMC_20190117/TT_TuneCUETP8M2T4_13TeV-powheg-pythia8/TT_EleMC_20190117/190117_103502/0000/TT_EleMC_20190117_Ntuple_99.root
/cms/store/user/sthakur/ntuple_for2016Data_EleMC_20190117/EleMC_20190117/WW_EleMC_20190117/WW_TuneCUETP8M1_13TeV-pythia8/WW_EleMC_20190117/190117_103027/0000/WW_EleMC_20190117_Ntuple_1.root
/cms/store/user/sthakur/ntuple_for2016Data_EleMC_20190117/EleMC_20190117/WW_EleMC_20190117/WW_TuneCUETP8M1_13TeV-pythia8/WW_EleMC_20190117/190117_103027/0000/WW_EleMC_20190117_Ntuple_2.root
/cms/store/user/sthakur/ntuple_for2016Data_EleMC_20190117/EleMC_20190117/WZ_EleMC_20190117/WZ_TuneCUETP8M1_13TeV-pythia8/WZ_EleMC_20190117/190117_103041/0000/WZ_EleMC_20190117_Ntuple_1.root
/cms/store/user/sthakur/ntuple_for2016Data_EleMC_20190117/EleMC_20190117/WZ_EleMC_20190117/WZ_TuneCUETP8M1_13TeV-pythia8/WZ_EleMC_20190117/190117_103041/0000/WZ_EleMC_20190117_Ntuple_2.root
/cms/store/user/sthakur/ntuple_for2016Data_EleMC_20190117/EleMC_20190117/WZ_EleMC_20190117/WZ_TuneCUETP8M1_13TeV-pythia8/WZ_EleMC_20190117/190117_103041/0000/WZ_EleMC_20190117_Ntuple_3.root
/cms/store/user/sthakur/ntuple_for2016Data_EleMC_20190117/EleMC_20190117/ZZ_EleMC_20190117/ZZ_TuneCUETP8M1_13TeV-pythia8/ZZ_EleMC_20190117/190117_103056/0000/ZZ_EleMC_20190117_Ntuple_1.root
/cms/store/user/sthakur/ntuple_for2016Data_EleMC_20190117/EleMC_20190117/ZZ_EleMC_20190117/ZZ_TuneCUETP8M1_13TeV-pythia8/ZZ_EleMC_20190117/190117_103056/0000/ZZ_EleMC_20190117_Ntuple_2.root
/cms/store/user/sthakur/ntuple_for2016Data_EleMC_20190117/EleMC_20190117/DYJetsToLL_M50_EleMC_20190117/DYJetsToLL_M-50_TuneCUETP8M1_13TeV-amcatnloFXFX-pythia8/DYJetsToLL_M50_EleMC_20190117/190117_100701/0000/DYJetsToLL_M50_EleMC_20190117_Ntuple_1.root
/cms/store/user/sthakur/ntuple_for2016Data_EleMC_20190117/EleMC_20190117/DYJetsToLL_M50_EleMC_20190117/DYJetsToLL_M-50_TuneCUETP8M1_13TeV-amcatnloFXFX-pythia8/DYJetsToLL_M50_EleMC_20190117/190117_100701/0000/DYJetsToLL_M50_EleMC_20190117_Ntuple_10.root
/cms/store/user/sthakur/ntuple_for2016Data_EleMC_20190117/EleMC_20190117/DYJetsToLL_M50_EleMC_20190117/DYJetsToLL_M-50_TuneCUETP8M1_13TeV-amcatnloFXFX-pythia8/DYJetsToLL_M50_EleMC_20190117/190117_100701/0000/DYJetsToLL_M50_EleMC_20190117_Ntuple_100.root
/cms/store/user/sthakur/ntuple_for2016Data_EleMC_20190117/EleMC_20190117/DYJetsToLL_M50_EleMC_20190117/DYJetsToLL_M-50_TuneCUETP8M1_13TeV-amcatnloFXFX-pythia8/DYJetsToLL_M50_EleMC_20190117/190117_100701/0000/DYJetsToLL_M50_EleMC_20190117_Ntuple_101.root
/cms/store/user/sthakur/ntuple_for2016Data_EleMC_20190117/EleMC_20190117/DYJetsToLL_M50_EleMC_20190117/DYJetsToLL_M-50_TuneCUETP8M1_13TeV-amcatnloFXFX-pythia8/DYJetsToLL_M50_EleMC_20190117/190117_100701/0000/DYJetsToLL_M50_EleMC_20190117_Ntuple_102.root
/cms/store/user/sthakur/ntuple_for2016Data_EleMC_20190117/EleMC_20190117/DYJetsToLL_M50_EleMC_20190117/DYJetsToLL_M-50_TuneCUETP8M1_13TeV-amcatnloFXFX-pythia8/DYJetsToLL_M50_EleMC_20190117/190117_100701/0000/DYJetsToLL_M50_EleMC_20190117_Ntuple_103.root
/cms/store/user/sthakur/ntuple_for2016Data_EleMC_20190117/EleMC_20190117/DYJetsToLL_M50_EleMC_20190117/DYJetsToLL_M-50_TuneCUETP8M1_13TeV-amcatnloFXFX-pythia8/DYJetsToLL_M50_EleMC_20190117/190117_100701/0000/DYJetsToLL_M50_EleMC_20190117_Ntuple_104.root
/cms/store/user/sthakur/ntuple_for2016Data_EleMC_20190117/EleMC_20190117/DYJetsToLL_M50_EleMC_20190117/DYJetsToLL_M-50_TuneCUETP8M1_13TeV-amcatnloFXFX-pythia8/DYJetsToLL_M50_EleMC_20190117/190117_100701/0000/DYJetsToLL_M50_EleMC_20190117_Ntuple_105.root
/cms/store/user/sthakur/ntuple_for2016Data_EleMC_20190117/EleMC_20190117/DYJetsToLL_M50_EleMC_20190117/DYJetsToLL_M-50_TuneCUETP8M1_13TeV-amcatnloFXFX-pythia8/DYJetsToLL_M50_EleMC_20190117/190117_100701/0000/DYJetsToLL_M50_EleMC_20190117_Ntuple_106.root
/cms/store/user/sthakur/ntuple_for2016Data_EleMC_20190117/EleMC_20190117/DYJetsToLL_M50_EleMC_20190117/DYJetsToLL_M-50_TuneCUETP8M1_13TeV-amcatnloFXFX-pythia8/DYJetsToLL_M50_EleMC_20190117/190117_100701/0000/DYJetsToLL_M50_EleMC_20190117_Ntuple_107.root
/cms/store/user/sthakur/ntuple_for2016Data_EleMC_20190117/EleMC_20190117/DYJetsToLL_M50_EleMC_20190117/DYJetsToLL_M-50_TuneCUETP8M1_13TeV-amcatnloFXFX-pythia8/DYJetsToLL_M50_EleMC_20190117/190117_100701/0000/DYJetsToLL_M50_EleMC_20190117_Ntuple_108.root
/cms/store/user/sthakur/ntuple_for2016Data_EleMC_20190117/EleMC_20190117/DYJetsToLL_M50_EleMC_20190117/DYJetsToLL_M-50_TuneCUETP8M1_13TeV-amcatnloFXFX-pythia8/DYJetsToLL_M50_EleMC_20190117/190117_100701/0000/DYJetsToLL_M50_EleMC_20190117_Ntuple_109.root
/cms/store/user/sthakur/ntuple_for2016Data_EleMC_20190117/EleMC_20190117/DYJetsToLL_M50_EleMC_20190117/DYJetsToLL_M-50_TuneCUETP8M1_13TeV-amcatnloFXFX-pythia8/DYJetsToLL_M50_EleMC_20190117/190117_100701/0000/DYJetsToLL_M50_EleMC_20190117_Ntuple_11.root
/cms/store/user/sthakur/ntuple_for2016Data_EleMC_20190117/EleMC_20190117/DYJetsToLL_M50_EleMC_20190117/DYJetsToLL_M-50_TuneCUETP8M1_13TeV-amcatnloFXFX-pythia8/DYJetsToLL_M50_EleMC_20190117/190117_100701/0000/DYJetsToLL_M50_EleMC_20190117_Ntuple_110.root
/cms/store/user/sthakur/ntuple_for2016Data_EleMC_20190117/EleMC_20190117/DYJetsToLL_M50_EleMC_20190117/DYJetsToLL_M-50_TuneCUETP8M1_13TeV-amcatnloFXFX-pythia8/DYJetsToLL_M50_EleMC_20190117/190117_100701/0000/DYJetsToLL_M50_EleMC_20190117_Ntuple_112.root
/cms/store/user/sthakur/ntuple_for2016Data_EleMC_20190117/EleMC_20190117/DYJetsToLL_M50_EleMC_20190117/DYJetsToLL_M-50_TuneCUETP8M1_13TeV-amcatnloFXFX-pythia8/DYJetsToLL_M50_EleMC_20190117/190117_100701/0000/DYJetsToLL_M50_EleMC_20190117_Ntuple_113.root
/cms/store/user/sthakur/ntuple_for2016Data_EleMC_20190117/EleMC_20190117/DYJetsToLL_M50_EleMC_20190117/DYJetsToLL_M-50_TuneCUETP8M1_13TeV-amcatnloFXFX-pythia8/DYJetsToLL_M50_EleMC_20190117/190117_100701/0000/DYJetsToLL_M50_EleMC_20190117_Ntuple_114.root
/cms/store/user/sthakur/ntuple_for2016Data_EleMC_20190117/EleMC_20190117/DYJetsToLL_M50_EleMC_20190117/DYJetsToLL_M-50_TuneCUETP8M1_13TeV-amcatnloFXFX-pythia8/DYJetsToLL_M50_EleMC_20190117/190117_100701/0000/DYJetsToLL_M50_EleMC_20190117_Ntuple_115.root
/cms/store/user/sthakur/ntuple_for2016Data_EleMC_20190117/EleMC_20190117/DYJetsToLL_M50_EleMC_20190117/DYJetsToLL_M-50_TuneCUETP8M1_13TeV-amcatnloFXFX-pythia8/DYJetsToLL_M50_EleMC_20190117/190117_100701/0000/DYJetsToLL_M50_EleMC_20190117_Ntuple_116.root
/cms/store/user/sthakur/ntuple_for2016Data_EleMC_20190117/EleMC_20190117/DYJetsToLL_M50_EleMC_20190117/DYJetsToLL_M-50_TuneCUETP8M1_13TeV-amcatnloFXFX-pythia8/DYJetsToLL_M50_EleMC_20190117/190117_100701/0000/DYJetsToLL_M50_EleMC_20190117_Ntuple_117.root
/cms/store/user/sthakur/ntuple_for2016Data_EleMC_20190117/EleMC_20190117/DYJetsToLL_M50_EleMC_20190117/DYJetsToLL_M-50_TuneCUETP8M1_13TeV-amcatnloFXFX-pythia8/DYJetsToLL_M50_EleMC_20190117/190117_100701/0000/DYJetsToLL_M50_EleMC_20190117_Ntuple_118.root
/cms/store/user/sthakur/ntuple_for2016Data_EleMC_20190117/EleMC_20190117/DYJetsToLL_M50_EleMC_20190117/DYJetsToLL_M-50_TuneCUETP8M1_13TeV-amcatnloFXFX-pythia8/DYJetsToLL_M50_EleMC_20190117/190117_100701/0000/DYJetsToLL_M50_EleMC_20190117_Ntuple_119.root
/cms/store/user/sthakur/ntuple_for2016Data_EleMC_20190117/EleMC_20190117/DYJetsToLL_M50_EleMC_20190117/DYJetsToLL_M-50_TuneCUETP8M1_13TeV-amcatnloFXFX-pythia8/DYJetsToLL_M50_EleMC_20190117/190117_100701/0000/DYJetsToLL_M50_EleMC_20190117_Ntuple_12.root
/cms/store/user/sthakur/ntuple_for2016Data_EleMC_20190117/EleMC_20190117/DYJetsToLL_M50_EleMC_20190117/DYJetsToLL_M-50_TuneCUETP8M1_13TeV-amcatnloFXFX-pythia8/DYJetsToLL_M50_EleMC_20190117/190117_100701/0000/DYJetsToLL_M50_EleMC_20190117_Ntuple_120.root
/cms/store/user/sthakur/ntuple_for2016Data_EleMC_20190117/EleMC_20190117/DYJetsToLL_M50_EleMC_20190117/DYJetsToLL_M-50_TuneCUETP8M1_13TeV-amcatnloFXFX-pythia8/DYJetsToLL_M50_EleMC_20190117/190117_100701/0000/DYJetsToLL_M50_EleMC_20190117_Ntuple_121.root
/cms/store/user/sthakur/ntuple_for2016Data_EleMC_20190117/EleMC_20190117/DYJetsToLL_M50_EleMC_20190117/DYJetsToLL_M-50_TuneCUETP8M1_13TeV-amcatnloFXFX-pythia8/DYJetsToLL_M50_EleMC_20190117/190117_100701/0000/DYJetsToLL_M50_EleMC_20190117_Ntuple_122.root
/cms/store/user/sthakur/ntuple_for2016Data_EleMC_20190117/EleMC_20190117/DYJetsToLL_M50_EleMC_20190117/DYJetsToLL_M-50_TuneCUETP8M1_13TeV-amcatnloFXFX-pythia8/DYJetsToLL_M50_EleMC_20190117/190117_100701/0000/DYJetsToLL_M50_EleMC_20190117_Ntuple_123.root
/cms/store/user/sthakur/ntuple_for2016Data_EleMC_20190117/EleMC_20190117/DYJetsToLL_M50_EleMC_20190117/DYJetsToLL_M-50_TuneCUETP8M1_13TeV-amcatnloFXFX-pythia8/DYJetsToLL_M50_EleMC_20190117/190117_100701/0000/DYJetsToLL_M50_EleMC_20190117_Ntuple_124.root
/cms/store/user/sthakur/ntuple_for2016Data_EleMC_20190117/EleMC_20190117/DYJetsToLL_M50_EleMC_20190117/DYJetsToLL_M-50_TuneCUETP8M1_13TeV-amcatnloFXFX-pythia8/DYJetsToLL_M50_EleMC_20190117/190117_100701/0000/DYJetsToLL_M50_EleMC_20190117_Ntuple_126.root
/cms/store/user/sthakur/ntuple_for2016Data_EleMC_20190117/EleMC_20190117/DYJetsToLL_M50_EleMC_20190117/DYJetsToLL_M-50_TuneCUETP8M1_13TeV-amcatnloFXFX-pythia8/DYJetsToLL_M50_EleMC_20190117/190117_100701/0000/DYJetsToLL_M50_EleMC_20190117_Ntuple_127.root
/cms/store/user/sthakur/ntuple_for2016Data_EleMC_20190117/EleMC_20190117/DYJetsToLL_M50_EleMC_20190117/DYJetsToLL_M-50_TuneCUETP8M1_13TeV-amcatnloFXFX-pythia8/DYJetsToLL_M50_EleMC_20190117/190117_100701/0000/DYJetsToLL_M50_EleMC_20190117_Ntuple_128.root
/cms/store/user/sthakur/ntuple_for2016Data_EleMC_20190117/EleMC_20190117/DYJetsToLL_M50_EleMC_20190117/DYJetsToLL_M-50_TuneCUETP8M1_13TeV-amcatnloFXFX-pythia8/DYJetsToLL_M50_EleMC_20190117/190117_100701/0000/DYJetsToLL_M50_EleMC_20190117_Ntuple_129.root
/cms/store/user/sthakur/ntuple_for2016Data_EleMC_20190117/EleMC_20190117/DYJetsToLL_M50_EleMC_20190117/DYJetsToLL_M-50_TuneCUETP8M1_13TeV-amcatnloFXFX-pythia8/DYJetsToLL_M50_EleMC_20190117/190117_100701/0000/DYJetsToLL_M50_EleMC_20190117_Ntuple_13.root
/cms/store/user/sthakur/ntuple_for2016Data_EleMC_20190117/EleMC_20190117/DYJetsToLL_M50_EleMC_20190117/DYJetsToLL_M-50_TuneCUETP8M1_13TeV-amcatnloFXFX-pythia8/DYJetsToLL_M50_EleMC_20190117/190117_100701/0000/DYJetsToLL_M50_EleMC_20190117_Ntuple_130.root
/cms/store/user/sthakur/ntuple_for2016Data_EleMC_20190117/EleMC_20190117/DYJetsToLL_M50_EleMC_20190117/DYJetsToLL_M-50_TuneCUETP8M1_13TeV-amcatnloFXFX-pythia8/DYJetsToLL_M50_EleMC_20190117/190117_100701/0000/DYJetsToLL_M50_EleMC_20190117_Ntuple_131.root
/cms/store/user/sthakur/ntuple_for2016Data_EleMC_20190117/EleMC_20190117/DYJetsToLL_M50_EleMC_20190117/DYJetsToLL_M-50_TuneCUETP8M1_13TeV-amcatnloFXFX-pythia8/DYJetsToLL_M50_EleMC_20190117/190117_100701/0000/DYJetsToLL_M50_EleMC_20190117_Ntuple_132.root
/cms/store/user/sthakur/ntuple_for2016Data_EleMC_20190117/EleMC_20190117/DYJetsToLL_M50_EleMC_20190117/DYJetsToLL_M-50_TuneCUETP8M1_13TeV-amcatnloFXFX-pythia8/DYJetsToLL_M50_EleMC_20190117/190117_100701/0000/DYJetsToLL_M50_EleMC_20190117_Ntuple_133.root
/cms/store/user/sthakur/ntuple_for2016Data_EleMC_20190117/EleMC_20190117/DYJetsToLL_M50_EleMC_20190117/DYJetsToLL_M-50_TuneCUETP8M1_13TeV-amcatnloFXFX-pythia8/DYJetsToLL_M50_EleMC_20190117/190117_100701/0000/DYJetsToLL_M50_EleMC_20190117_Ntuple_134.root
/cms/store/user/sthakur/ntuple_for2016Data_EleMC_20190117/EleMC_20190117/DYJetsToLL_M50_EleMC_20190117/DYJetsToLL_M-50_TuneCUETP8M1_13TeV-amcatnloFXFX-pythia8/DYJetsToLL_M50_EleMC_20190117/190117_100701/0000/DYJetsToLL_M50_EleMC_20190117_Ntuple_135.root
/cms/store/user/sthakur/ntuple_for2016Data_EleMC_20190117/EleMC_20190117/DYJetsToLL_M50_EleMC_20190117/DYJetsToLL_M-50_TuneCUETP8M1_13TeV-amcatnloFXFX-pythia8/DYJetsToLL_M50_EleMC_20190117/190117_100701/0000/DYJetsToLL_M50_EleMC_20190117_Ntuple_136.root
/cms/store/user/sthakur/ntuple_for2016Data_EleMC_20190117/EleMC_20190117/DYJetsToLL_M50_EleMC_20190117/DYJetsToLL_M-50_TuneCUETP8M1_13TeV-amcatnloFXFX-pythia8/DYJetsToLL_M50_EleMC_20190117/190117_100701/0000/DYJetsToLL_M50_EleMC_20190117_Ntuple_137.root
/cms/store/user/sthakur/ntuple_for2016Data_EleMC_20190117/EleMC_20190117/DYJetsToLL_M50_EleMC_20190117/DYJetsToLL_M-50_TuneCUETP8M1_13TeV-amcatnloFXFX-pythia8/DYJetsToLL_M50_EleMC_20190117/190117_100701/0000/DYJetsToLL_M50_EleMC_20190117_Ntuple_138.root
/cms/store/user/sthakur/ntuple_for2016Data_EleMC_20190117/EleMC_20190117/DYJetsToLL_M50_EleMC_20190117/DYJetsToLL_M-50_TuneCUETP8M1_13TeV-amcatnloFXFX-pythia8/DYJetsToLL_M50_EleMC_20190117/190117_100701/0000/DYJetsToLL_M50_EleMC_20190117_Ntuple_139.root
/cms/store/user/sthakur/ntuple_for2016Data_EleMC_20190117/EleMC_20190117/DYJetsToLL_M50_EleMC_20190117/DYJetsToLL_M-50_TuneCUETP8M1_13TeV-amcatnloFXFX-pythia8/DYJetsToLL_M50_EleMC_20190117/190117_100701/0000/DYJetsToLL_M50_EleMC_20190117_Ntuple_14.root
/cms/store/user/sthakur/ntuple_for2016Data_EleMC_20190117/EleMC_20190117/DYJetsToLL_M50_EleMC_20190117/DYJetsToLL_M-50_TuneCUETP8M1_13TeV-amcatnloFXFX-pythia8/DYJetsToLL_M50_EleMC_20190117/190117_100701/0000/DYJetsToLL_M50_EleMC_20190117_Ntuple_140.root
/cms/store/user/sthakur/ntuple_for2016Data_EleMC_20190117/EleMC_20190117/DYJetsToLL_M50_EleMC_20190117/DYJetsToLL_M-50_TuneCUETP8M1_13TeV-amcatnloFXFX-pythia8/DYJetsToLL_M50_EleMC_20190117/190117_100701/0000/DYJetsToLL_M50_EleMC_20190117_Ntuple_141.root
/cms/store/user/sthakur/ntuple_for2016Data_EleMC_20190117/EleMC_20190117/DYJetsToLL_M50_EleMC_20190117/DYJetsToLL_M-50_TuneCUETP8M1_13TeV-amcatnloFXFX-pythia8/DYJetsToLL_M50_EleMC_20190117/190117_100701/0000/DYJetsToLL_M50_EleMC_20190117_Ntuple_142.root
/cms/store/user/sthakur/ntuple_for2016Data_EleMC_20190117/EleMC_20190117/DYJetsToLL_M50_EleMC_20190117/DYJetsToLL_M-50_TuneCUETP8M1_13TeV-amcatnloFXFX-pythia8/DYJetsToLL_M50_EleMC_20190117/190117_100701/0000/DYJetsToLL_M50_EleMC_20190117_Ntuple_143.root
/cms/store/user/sthakur/ntuple_for2016Data_EleMC_20190117/EleMC_20190117/DYJetsToLL_M50_EleMC_20190117/DYJetsToLL_M-50_TuneCUETP8M1_13TeV-amcatnloFXFX-pythia8/DYJetsToLL_M50_EleMC_20190117/190117_100701/0000/DYJetsToLL_M50_EleMC_20190117_Ntuple_144.root
/cms/store/user/sthakur/ntuple_for2016Data_EleMC_20190117/EleMC_20190117/DYJetsToLL_M50_EleMC_20190117/DYJetsToLL_M-50_TuneCUETP8M1_13TeV-amcatnloFXFX-pythia8/DYJetsToLL_M50_EleMC_20190117/190117_100701/0000/DYJetsToLL_M50_EleMC_20190117_Ntuple_145.root
/cms/store/user/sthakur/ntuple_for2016Data_EleMC_20190117/EleMC_20190117/DYJetsToLL_M50_EleMC_20190117/DYJetsToLL_M-50_TuneCUETP8M1_13TeV-amcatnloFXFX-pythia8/DYJetsToLL_M50_EleMC_20190117/190117_100701/0000/DYJetsToLL_M50_EleMC_20190117_Ntuple_146.root
/cms/store/user/sthakur/ntuple_for2016Data_EleMC_20190117/EleMC_20190117/DYJetsToLL_M50_EleMC_20190117/DYJetsToLL_M-50_TuneCUETP8M1_13TeV-amcatnloFXFX-pythia8/DYJetsToLL_M50_EleMC_20190117/190117_100701/0000/DYJetsToLL_M50_EleMC_20190117_Ntuple_15.root
/cms/store/user/sthakur/ntuple_for2016Data_EleMC_20190117/EleMC_20190117/DYJetsToLL_M50_EleMC_20190117/DYJetsToLL_M-50_TuneCUETP8M1_13TeV-amcatnloFXFX-pythia8/DYJetsToLL_M50_EleMC_20190117/190117_100701/0000/DYJetsToLL_M50_EleMC_20190117_Ntuple_17.root
/cms/store/user/sthakur/ntuple_for2016Data_EleMC_20190117/EleMC_20190117/DYJetsToLL_M50_EleMC_20190117/DYJetsToLL_M-50_TuneCUETP8M1_13TeV-amcatnloFXFX-pythia8/DYJetsToLL_M50_EleMC_20190117/190117_100701/0000/DYJetsToLL_M50_EleMC_20190117_Ntuple_18.root
/cms/store/user/sthakur/ntuple_for2016Data_EleMC_20190117/EleMC_20190117/DYJetsToLL_M50_EleMC_20190117/DYJetsToLL_M-50_TuneCUETP8M1_13TeV-amcatnloFXFX-pythia8/DYJetsToLL_M50_EleMC_20190117/190117_100701/0000/DYJetsToLL_M50_EleMC_20190117_Ntuple_19.root
/cms/store/user/sthakur/ntuple_for2016Data_EleMC_20190117/EleMC_20190117/DYJetsToLL_M50_EleMC_20190117/DYJetsToLL_M-50_TuneCUETP8M1_13TeV-amcatnloFXFX-pythia8/DYJetsToLL_M50_EleMC_20190117/190117_100701/0000/DYJetsToLL_M50_EleMC_20190117_Ntuple_2.root
/cms/store/user/sthakur/ntuple_for2016Data_EleMC_20190117/EleMC_20190117/DYJetsToLL_M50_EleMC_20190117/DYJetsToLL_M-50_TuneCUETP8M1_13TeV-amcatnloFXFX-pythia8/DYJetsToLL_M50_EleMC_20190117/190117_100701/0000/DYJetsToLL_M50_EleMC_20190117_Ntuple_20.root
/cms/store/user/sthakur/ntuple_for2016Data_EleMC_20190117/EleMC_20190117/DYJetsToLL_M50_EleMC_20190117/DYJetsToLL_M-50_TuneCUETP8M1_13TeV-amcatnloFXFX-pythia8/DYJetsToLL_M50_EleMC_20190117/190117_100701/0000/DYJetsToLL_M50_EleMC_20190117_Ntuple_21.root
/cms/store/user/sthakur/ntuple_for2016Data_EleMC_20190117/EleMC_20190117/DYJetsToLL_M50_EleMC_20190117/DYJetsToLL_M-50_TuneCUETP8M1_13TeV-amcatnloFXFX-pythia8/DYJetsToLL_M50_EleMC_20190117/190117_100701/0000/DYJetsToLL_M50_EleMC_20190117_Ntuple_22.root
/cms/store/user/sthakur/ntuple_for2016Data_EleMC_20190117/EleMC_20190117/DYJetsToLL_M50_EleMC_20190117/DYJetsToLL_M-50_TuneCUETP8M1_13TeV-amcatnloFXFX-pythia8/DYJetsToLL_M50_EleMC_20190117/190117_100701/0000/DYJetsToLL_M50_EleMC_20190117_Ntuple_23.root
/cms/store/user/sthakur/ntuple_for2016Data_EleMC_20190117/EleMC_20190117/DYJetsToLL_M50_EleMC_20190117/DYJetsToLL_M-50_TuneCUETP8M1_13TeV-amcatnloFXFX-pythia8/DYJetsToLL_M50_EleMC_20190117/190117_100701/0000/DYJetsToLL_M50_EleMC_20190117_Ntuple_24.root
/cms/store/user/sthakur/ntuple_for2016Data_EleMC_20190117/EleMC_20190117/DYJetsToLL_M50_EleMC_20190117/DYJetsToLL_M-50_TuneCUETP8M1_13TeV-amcatnloFXFX-pythia8/DYJetsToLL_M50_EleMC_20190117/190117_100701/0000/DYJetsToLL_M50_EleMC_20190117_Ntuple_25.root
/cms/store/user/sthakur/ntuple_for2016Data_EleMC_20190117/EleMC_20190117/DYJetsToLL_M50_EleMC_20190117/DYJetsToLL_M-50_TuneCUETP8M1_13TeV-amcatnloFXFX-pythia8/DYJetsToLL_M50_EleMC_20190117/190117_100701/0000/DYJetsToLL_M50_EleMC_20190117_Ntuple_26.root
/cms/store/user/sthakur/ntuple_for2016Data_EleMC_20190117/EleMC_20190117/DYJetsToLL_M50_EleMC_20190117/DYJetsToLL_M-50_TuneCUETP8M1_13TeV-amcatnloFXFX-pythia8/DYJetsToLL_M50_EleMC_20190117/190117_100701/0000/DYJetsToLL_M50_EleMC_20190117_Ntuple_27.root
/cms/store/user/sthakur/ntuple_for2016Data_EleMC_20190117/EleMC_20190117/DYJetsToLL_M50_EleMC_20190117/DYJetsToLL_M-50_TuneCUETP8M1_13TeV-amcatnloFXFX-pythia8/DYJetsToLL_M50_EleMC_20190117/190117_100701/0000/DYJetsToLL_M50_EleMC_20190117_Ntuple_28.root
/cms/store/user/sthakur/ntuple_for2016Data_EleMC_20190117/EleMC_20190117/DYJetsToLL_M50_EleMC_20190117/DYJetsToLL_M-50_TuneCUETP8M1_13TeV-amcatnloFXFX-pythia8/DYJetsToLL_M50_EleMC_20190117/190117_100701/0000/DYJetsToLL_M50_EleMC_20190117_Ntuple_29.root
/cms/store/user/sthakur/ntuple_for2016Data_EleMC_20190117/EleMC_20190117/DYJetsToLL_M50_EleMC_20190117/DYJetsToLL_M-50_TuneCUETP8M1_13TeV-amcatnloFXFX-pythia8/DYJetsToLL_M50_EleMC_20190117/190117_100701/0000/DYJetsToLL_M50_EleMC_20190117_Ntuple_3.root
/cms/store/user/sthakur/ntuple_for2016Data_EleMC_20190117/EleMC_20190117/DYJetsToLL_M50_EleMC_20190117/DYJetsToLL_M-50_TuneCUETP8M1_13TeV-amcatnloFXFX-pythia8/DYJetsToLL_M50_EleMC_20190117/190117_100701/0000/DYJetsToLL_M50_EleMC_20190117_Ntuple_30.root
/cms/store/user/sthakur/ntuple_for2016Data_EleMC_20190117/EleMC_20190117/DYJetsToLL_M50_EleMC_20190117/DYJetsToLL_M-50_TuneCUETP8M1_13TeV-amcatnloFXFX-pythia8/DYJetsToLL_M50_EleMC_20190117/190117_100701/0000/DYJetsToLL_M50_EleMC_20190117_Ntuple_31.root
/cms/store/user/sthakur/ntuple_for2016Data_EleMC_20190117/EleMC_20190117/DYJetsToLL_M50_EleMC_20190117/DYJetsToLL_M-50_TuneCUETP8M1_13TeV-amcatnloFXFX-pythia8/DYJetsToLL_M50_EleMC_20190117/190117_100701/0000/DYJetsToLL_M50_EleMC_20190117_Ntuple_32.root
/cms/store/user/sthakur/ntuple_for2016Data_EleMC_20190117/EleMC_20190117/DYJetsToLL_M50_EleMC_20190117/DYJetsToLL_M-50_TuneCUETP8M1_13TeV-amcatnloFXFX-pythia8/DYJetsToLL_M50_EleMC_20190117/190117_100701/0000/DYJetsToLL_M50_EleMC_20190117_Ntuple_33.root
/cms/store/user/sthakur/ntuple_for2016Data_EleMC_20190117/EleMC_20190117/DYJetsToLL_M50_EleMC_20190117/DYJetsToLL_M-50_TuneCUETP8M1_13TeV-amcatnloFXFX-pythia8/DYJetsToLL_M50_EleMC_20190117/190117_100701/0000/DYJetsToLL_M50_EleMC_20190117_Ntuple_34.root
/cms/store/user/sthakur/ntuple_for2016Data_EleMC_20190117/EleMC_20190117/DYJetsToLL_M50_EleMC_20190117/DYJetsToLL_M-50_TuneCUETP8M1_13TeV-amcatnloFXFX-pythia8/DYJetsToLL_M50_EleMC_20190117/190117_100701/0000/DYJetsToLL_M50_EleMC_20190117_Ntuple_35.root
/cms/store/user/sthakur/ntuple_for2016Data_EleMC_20190117/EleMC_20190117/DYJetsToLL_M50_EleMC_20190117/DYJetsToLL_M-50_TuneCUETP8M1_13TeV-amcatnloFXFX-pythia8/DYJetsToLL_M50_EleMC_20190117/190117_100701/0000/DYJetsToLL_M50_EleMC_20190117_Ntuple_36.root
/cms/store/user/sthakur/ntuple_for2016Data_EleMC_20190117/EleMC_20190117/DYJetsToLL_M50_EleMC_20190117/DYJetsToLL_M-50_TuneCUETP8M1_13TeV-amcatnloFXFX-pythia8/DYJetsToLL_M50_EleMC_20190117/190117_100701/0000/DYJetsToLL_M50_EleMC_20190117_Ntuple_37.root
/cms/store/user/sthakur/ntuple_for2016Data_EleMC_20190117/EleMC_20190117/DYJetsToLL_M50_EleMC_20190117/DYJetsToLL_M-50_TuneCUETP8M1_13TeV-amcatnloFXFX-pythia8/DYJetsToLL_M50_EleMC_20190117/190117_100701/0000/DYJetsToLL_M50_EleMC_20190117_Ntuple_38.root
/cms/store/user/sthakur/ntuple_for2016Data_EleMC_20190117/EleMC_20190117/DYJetsToLL_M50_EleMC_20190117/DYJetsToLL_M-50_TuneCUETP8M1_13TeV-amcatnloFXFX-pythia8/DYJetsToLL_M50_EleMC_20190117/190117_100701/0000/DYJetsToLL_M50_EleMC_20190117_Ntuple_39.root
/cms/store/user/sthakur/ntuple_for2016Data_EleMC_20190117/EleMC_20190117/DYJetsToLL_M50_EleMC_20190117/DYJetsToLL_M-50_TuneCUETP8M1_13TeV-amcatnloFXFX-pythia8/DYJetsToLL_M50_EleMC_20190117/190117_100701/0000/DYJetsToLL_M50_EleMC_20190117_Ntuple_4.root
/cms/store/user/sthakur/ntuple_for2016Data_EleMC_20190117/EleMC_20190117/DYJetsToLL_M50_EleMC_20190117/DYJetsToLL_M-50_TuneCUETP8M1_13TeV-amcatnloFXFX-pythia8/DYJetsToLL_M50_EleMC_20190117/190117_100701/0000/DYJetsToLL_M50_EleMC_20190117_Ntuple_40.root
/cms/store/user/sthakur/ntuple_for2016Data_EleMC_20190117/EleMC_20190117/DYJetsToLL_M50_EleMC_20190117/DYJetsToLL_M-50_TuneCUETP8M1_13TeV-amcatnloFXFX-pythia8/DYJetsToLL_M50_EleMC_20190117/190117_100701/0000/DYJetsToLL_M50_EleMC_20190117_Ntuple_41.root
/cms/store/user/sthakur/ntuple_for2016Data_EleMC_20190117/EleMC_20190117/DYJetsToLL_M50_EleMC_20190117/DYJetsToLL_M-50_TuneCUETP8M1_13TeV-amcatnloFXFX-pythia8/DYJetsToLL_M50_EleMC_20190117/190117_100701/0000/DYJetsToLL_M50_EleMC_20190117_Ntuple_42.root
/cms/store/user/sthakur/ntuple_for2016Data_EleMC_20190117/EleMC_20190117/DYJetsToLL_M50_EleMC_20190117/DYJetsToLL_M-50_TuneCUETP8M1_13TeV-amcatnloFXFX-pythia8/DYJetsToLL_M50_EleMC_20190117/190117_100701/0000/DYJetsToLL_M50_EleMC_20190117_Ntuple_43.root
/cms/store/user/sthakur/ntuple_for2016Data_EleMC_20190117/EleMC_20190117/DYJetsToLL_M50_EleMC_20190117/DYJetsToLL_M-50_TuneCUETP8M1_13TeV-amcatnloFXFX-pythia8/DYJetsToLL_M50_EleMC_20190117/190117_100701/0000/DYJetsToLL_M50_EleMC_20190117_Ntuple_44.root
/cms/store/user/sthakur/ntuple_for2016Data_EleMC_20190117/EleMC_20190117/DYJetsToLL_M50_EleMC_20190117/DYJetsToLL_M-50_TuneCUETP8M1_13TeV-amcatnloFXFX-pythia8/DYJetsToLL_M50_EleMC_20190117/190117_100701/0000/DYJetsToLL_M50_EleMC_20190117_Ntuple_45.root
/cms/store/user/sthakur/ntuple_for2016Data_EleMC_20190117/EleMC_20190117/DYJetsToLL_M50_EleMC_20190117/DYJetsToLL_M-50_TuneCUETP8M1_13TeV-amcatnloFXFX-pythia8/DYJetsToLL_M50_EleMC_20190117/190117_100701/0000/DYJetsToLL_M50_EleMC_20190117_Ntuple_46.root
/cms/store/user/sthakur/ntuple_for2016Data_EleMC_20190117/EleMC_20190117/DYJetsToLL_M50_EleMC_20190117/DYJetsToLL_M-50_TuneCUETP8M1_13TeV-amcatnloFXFX-pythia8/DYJetsToLL_M50_EleMC_20190117/190117_100701/0000/DYJetsToLL_M50_EleMC_20190117_Ntuple_47.root
/cms/store/user/sthakur/ntuple_for2016Data_EleMC_20190117/EleMC_20190117/DYJetsToLL_M50_EleMC_20190117/DYJetsToLL_M-50_TuneCUETP8M1_13TeV-amcatnloFXFX-pythia8/DYJetsToLL_M50_EleMC_20190117/190117_100701/0000/DYJetsToLL_M50_EleMC_20190117_Ntuple_48.root
/cms/store/user/sthakur/ntuple_for2016Data_EleMC_20190117/EleMC_20190117/DYJetsToLL_M50_EleMC_20190117/DYJetsToLL_M-50_TuneCUETP8M1_13TeV-amcatnloFXFX-pythia8/DYJetsToLL_M50_EleMC_20190117/190117_100701/0000/DYJetsToLL_M50_EleMC_20190117_Ntuple_49.root
/cms/store/user/sthakur/ntuple_for2016Data_EleMC_20190117/EleMC_20190117/DYJetsToLL_M50_EleMC_20190117/DYJetsToLL_M-50_TuneCUETP8M1_13TeV-amcatnloFXFX-pythia8/DYJetsToLL_M50_EleMC_20190117/190117_100701/0000/DYJetsToLL_M50_EleMC_20190117_Ntuple_5.root
/cms/store/user/sthakur/ntuple_for2016Data_EleMC_20190117/EleMC_20190117/DYJetsToLL_M50_EleMC_20190117/DYJetsToLL_M-50_TuneCUETP8M1_13TeV-amcatnloFXFX-pythia8/DYJetsToLL_M50_EleMC_20190117/190117_100701/0000/DYJetsToLL_M50_EleMC_20190117_Ntuple_50.root
/cms/store/user/sthakur/ntuple_for2016Data_EleMC_20190117/EleMC_20190117/DYJetsToLL_M50_EleMC_20190117/DYJetsToLL_M-50_TuneCUETP8M1_13TeV-amcatnloFXFX-pythia8/DYJetsToLL_M50_EleMC_20190117/190117_100701/0000/DYJetsToLL_M50_EleMC_20190117_Ntuple_51.root
/cms/store/user/sthakur/ntuple_for2016Data_EleMC_20190117/EleMC_20190117/DYJetsToLL_M50_EleMC_20190117/DYJetsToLL_M-50_TuneCUETP8M1_13TeV-amcatnloFXFX-pythia8/DYJetsToLL_M50_EleMC_20190117/190117_100701/0000/DYJetsToLL_M50_EleMC_20190117_Ntuple_52.root
/cms/store/user/sthakur/ntuple_for2016Data_EleMC_20190117/EleMC_20190117/DYJetsToLL_M50_EleMC_20190117/DYJetsToLL_M-50_TuneCUETP8M1_13TeV-amcatnloFXFX-pythia8/DYJetsToLL_M50_EleMC_20190117/190117_100701/0000/DYJetsToLL_M50_EleMC_20190117_Ntuple_53.root
/cms/store/user/sthakur/ntuple_for2016Data_EleMC_20190117/EleMC_20190117/DYJetsToLL_M50_EleMC_20190117/DYJetsToLL_M-50_TuneCUETP8M1_13TeV-amcatnloFXFX-pythia8/DYJetsToLL_M50_EleMC_20190117/190117_100701/0000/DYJetsToLL_M50_EleMC_20190117_Ntuple_54.root
/cms/store/user/sthakur/ntuple_for2016Data_EleMC_20190117/EleMC_20190117/DYJetsToLL_M50_EleMC_20190117/DYJetsToLL_M-50_TuneCUETP8M1_13TeV-amcatnloFXFX-pythia8/DYJetsToLL_M50_EleMC_20190117/190117_100701/0000/DYJetsToLL_M50_EleMC_20190117_Ntuple_55.root
/cms/store/user/sthakur/ntuple_for2016Data_EleMC_20190117/EleMC_20190117/DYJetsToLL_M50_EleMC_20190117/DYJetsToLL_M-50_TuneCUETP8M1_13TeV-amcatnloFXFX-pythia8/DYJetsToLL_M50_EleMC_20190117/190117_100701/0000/DYJetsToLL_M50_EleMC_20190117_Ntuple_56.root
/cms/store/user/sthakur/ntuple_for2016Data_EleMC_20190117/EleMC_20190117/DYJetsToLL_M50_EleMC_20190117/DYJetsToLL_M-50_TuneCUETP8M1_13TeV-amcatnloFXFX-pythia8/DYJetsToLL_M50_EleMC_20190117/190117_100701/0000/DYJetsToLL_M50_EleMC_20190117_Ntuple_57.root
/cms/store/user/sthakur/ntuple_for2016Data_EleMC_20190117/EleMC_20190117/DYJetsToLL_M50_EleMC_20190117/DYJetsToLL_M-50_TuneCUETP8M1_13TeV-amcatnloFXFX-pythia8/DYJetsToLL_M50_EleMC_20190117/190117_100701/0000/DYJetsToLL_M50_EleMC_20190117_Ntuple_58.root
/cms/store/user/sthakur/ntuple_for2016Data_EleMC_20190117/EleMC_20190117/DYJetsToLL_M50_EleMC_20190117/DYJetsToLL_M-50_TuneCUETP8M1_13TeV-amcatnloFXFX-pythia8/DYJetsToLL_M50_EleMC_20190117/190117_100701/0000/DYJetsToLL_M50_EleMC_20190117_Ntuple_59.root
/cms/store/user/sthakur/ntuple_for2016Data_EleMC_20190117/EleMC_20190117/DYJetsToLL_M50_EleMC_20190117/DYJetsToLL_M-50_TuneCUETP8M1_13TeV-amcatnloFXFX-pythia8/DYJetsToLL_M50_EleMC_20190117/190117_100701/0000/DYJetsToLL_M50_EleMC_20190117_Ntuple_6.root
/cms/store/user/sthakur/ntuple_for2016Data_EleMC_20190117/EleMC_20190117/DYJetsToLL_M50_EleMC_20190117/DYJetsToLL_M-50_TuneCUETP8M1_13TeV-amcatnloFXFX-pythia8/DYJetsToLL_M50_EleMC_20190117/190117_100701/0000/DYJetsToLL_M50_EleMC_20190117_Ntuple_60.root
/cms/store/user/sthakur/ntuple_for2016Data_EleMC_20190117/EleMC_20190117/DYJetsToLL_M50_EleMC_20190117/DYJetsToLL_M-50_TuneCUETP8M1_13TeV-amcatnloFXFX-pythia8/DYJetsToLL_M50_EleMC_20190117/190117_100701/0000/DYJetsToLL_M50_EleMC_20190117_Ntuple_61.root
/cms/store/user/sthakur/ntuple_for2016Data_EleMC_20190117/EleMC_20190117/DYJetsToLL_M50_EleMC_20190117/DYJetsToLL_M-50_TuneCUETP8M1_13TeV-amcatnloFXFX-pythia8/DYJetsToLL_M50_EleMC_20190117/190117_100701/0000/DYJetsToLL_M50_EleMC_20190117_Ntuple_62.root
/cms/store/user/sthakur/ntuple_for2016Data_EleMC_20190117/EleMC_20190117/DYJetsToLL_M50_EleMC_20190117/DYJetsToLL_M-50_TuneCUETP8M1_13TeV-amcatnloFXFX-pythia8/DYJetsToLL_M50_EleMC_20190117/190117_100701/0000/DYJetsToLL_M50_EleMC_20190117_Ntuple_63.root
/cms/store/user/sthakur/ntuple_for2016Data_EleMC_20190117/EleMC_20190117/DYJetsToLL_M50_EleMC_20190117/DYJetsToLL_M-50_TuneCUETP8M1_13TeV-amcatnloFXFX-pythia8/DYJetsToLL_M50_EleMC_20190117/190117_100701/0000/DYJetsToLL_M50_EleMC_20190117_Ntuple_64.root
/cms/store/user/sthakur/ntuple_for2016Data_EleMC_20190117/EleMC_20190117/DYJetsToLL_M50_EleMC_20190117/DYJetsToLL_M-50_TuneCUETP8M1_13TeV-amcatnloFXFX-pythia8/DYJetsToLL_M50_EleMC_20190117/190117_100701/0000/DYJetsToLL_M50_EleMC_20190117_Ntuple_65.root
/cms/store/user/sthakur/ntuple_for2016Data_EleMC_20190117/EleMC_20190117/DYJetsToLL_M50_EleMC_20190117/DYJetsToLL_M-50_TuneCUETP8M1_13TeV-amcatnloFXFX-pythia8/DYJetsToLL_M50_EleMC_20190117/190117_100701/0000/DYJetsToLL_M50_EleMC_20190117_Ntuple_66.root
/cms/store/user/sthakur/ntuple_for2016Data_EleMC_20190117/EleMC_20190117/DYJetsToLL_M50_EleMC_20190117/DYJetsToLL_M-50_TuneCUETP8M1_13TeV-amcatnloFXFX-pythia8/DYJetsToLL_M50_EleMC_20190117/190117_100701/0000/DYJetsToLL_M50_EleMC_20190117_Ntuple_67.root
/cms/store/user/sthakur/ntuple_for2016Data_EleMC_20190117/EleMC_20190117/DYJetsToLL_M50_EleMC_20190117/DYJetsToLL_M-50_TuneCUETP8M1_13TeV-amcatnloFXFX-pythia8/DYJetsToLL_M50_EleMC_20190117/190117_100701/0000/DYJetsToLL_M50_EleMC_20190117_Ntuple_68.root
/cms/store/user/sthakur/ntuple_for2016Data_EleMC_20190117/EleMC_20190117/DYJetsToLL_M50_EleMC_20190117/DYJetsToLL_M-50_TuneCUETP8M1_13TeV-amcatnloFXFX-pythia8/DYJetsToLL_M50_EleMC_20190117/190117_100701/0000/DYJetsToLL_M50_EleMC_20190117_Ntuple_69.root
/cms/store/user/sthakur/ntuple_for2016Data_EleMC_20190117/EleMC_20190117/DYJetsToLL_M50_EleMC_20190117/DYJetsToLL_M-50_TuneCUETP8M1_13TeV-amcatnloFXFX-pythia8/DYJetsToLL_M50_EleMC_20190117/190117_100701/0000/DYJetsToLL_M50_EleMC_20190117_Ntuple_7.root
/cms/store/user/sthakur/ntuple_for2016Data_EleMC_20190117/EleMC_20190117/DYJetsToLL_M50_EleMC_20190117/DYJetsToLL_M-50_TuneCUETP8M1_13TeV-amcatnloFXFX-pythia8/DYJetsToLL_M50_EleMC_20190117/190117_100701/0000/DYJetsToLL_M50_EleMC_20190117_Ntuple_70.root
/cms/store/user/sthakur/ntuple_for2016Data_EleMC_20190117/EleMC_20190117/DYJetsToLL_M50_EleMC_20190117/DYJetsToLL_M-50_TuneCUETP8M1_13TeV-amcatnloFXFX-pythia8/DYJetsToLL_M50_EleMC_20190117/190117_100701/0000/DYJetsToLL_M50_EleMC_20190117_Ntuple_71.root
/cms/store/user/sthakur/ntuple_for2016Data_EleMC_20190117/EleMC_20190117/DYJetsToLL_M50_EleMC_20190117/DYJetsToLL_M-50_TuneCUETP8M1_13TeV-amcatnloFXFX-pythia8/DYJetsToLL_M50_EleMC_20190117/190117_100701/0000/DYJetsToLL_M50_EleMC_20190117_Ntuple_72.root
/cms/store/user/sthakur/ntuple_for2016Data_EleMC_20190117/EleMC_20190117/DYJetsToLL_M50_EleMC_20190117/DYJetsToLL_M-50_TuneCUETP8M1_13TeV-amcatnloFXFX-pythia8/DYJetsToLL_M50_EleMC_20190117/190117_100701/0000/DYJetsToLL_M50_EleMC_20190117_Ntuple_73.root
/cms/store/user/sthakur/ntuple_for2016Data_EleMC_20190117/EleMC_20190117/DYJetsToLL_M50_EleMC_20190117/DYJetsToLL_M-50_TuneCUETP8M1_13TeV-amcatnloFXFX-pythia8/DYJetsToLL_M50_EleMC_20190117/190117_100701/0000/DYJetsToLL_M50_EleMC_20190117_Ntuple_74.root
/cms/store/user/sthakur/ntuple_for2016Data_EleMC_20190117/EleMC_20190117/DYJetsToLL_M50_EleMC_20190117/DYJetsToLL_M-50_TuneCUETP8M1_13TeV-amcatnloFXFX-pythia8/DYJetsToLL_M50_EleMC_20190117/190117_100701/0000/DYJetsToLL_M50_EleMC_20190117_Ntuple_75.root
/cms/store/user/sthakur/ntuple_for2016Data_EleMC_20190117/EleMC_20190117/DYJetsToLL_M50_EleMC_20190117/DYJetsToLL_M-50_TuneCUETP8M1_13TeV-amcatnloFXFX-pythia8/DYJetsToLL_M50_EleMC_20190117/190117_100701/0000/DYJetsToLL_M50_EleMC_20190117_Ntuple_76.root
/cms/store/user/sthakur/ntuple_for2016Data_EleMC_20190117/EleMC_20190117/DYJetsToLL_M50_EleMC_20190117/DYJetsToLL_M-50_TuneCUETP8M1_13TeV-amcatnloFXFX-pythia8/DYJetsToLL_M50_EleMC_20190117/190117_100701/0000/DYJetsToLL_M50_EleMC_20190117_Ntuple_77.root
/cms/store/user/sthakur/ntuple_for2016Data_EleMC_20190117/EleMC_20190117/DYJetsToLL_M50_EleMC_20190117/DYJetsToLL_M-50_TuneCUETP8M1_13TeV-amcatnloFXFX-pythia8/DYJetsToLL_M50_EleMC_20190117/190117_100701/0000/DYJetsToLL_M50_EleMC_20190117_Ntuple_78.root
/cms/store/user/sthakur/ntuple_for2016Data_EleMC_20190117/EleMC_20190117/DYJetsToLL_M50_EleMC_20190117/DYJetsToLL_M-50_TuneCUETP8M1_13TeV-amcatnloFXFX-pythia8/DYJetsToLL_M50_EleMC_20190117/190117_100701/0000/DYJetsToLL_M50_EleMC_20190117_Ntuple_79.root
/cms/store/user/sthakur/ntuple_for2016Data_EleMC_20190117/EleMC_20190117/DYJetsToLL_M50_EleMC_20190117/DYJetsToLL_M-50_TuneCUETP8M1_13TeV-amcatnloFXFX-pythia8/DYJetsToLL_M50_EleMC_20190117/190117_100701/0000/DYJetsToLL_M50_EleMC_20190117_Ntuple_8.root
/cms/store/user/sthakur/ntuple_for2016Data_EleMC_20190117/EleMC_20190117/DYJetsToLL_M50_EleMC_20190117/DYJetsToLL_M-50_TuneCUETP8M1_13TeV-amcatnloFXFX-pythia8/DYJetsToLL_M50_EleMC_20190117/190117_100701/0000/DYJetsToLL_M50_EleMC_20190117_Ntuple_80.root
/cms/store/user/sthakur/ntuple_for2016Data_EleMC_20190117/EleMC_20190117/DYJetsToLL_M50_EleMC_20190117/DYJetsToLL_M-50_TuneCUETP8M1_13TeV-amcatnloFXFX-pythia8/DYJetsToLL_M50_EleMC_20190117/190117_100701/0000/DYJetsToLL_M50_EleMC_20190117_Ntuple_81.root
/cms/store/user/sthakur/ntuple_for2016Data_EleMC_20190117/EleMC_20190117/DYJetsToLL_M50_EleMC_20190117/DYJetsToLL_M-50_TuneCUETP8M1_13TeV-amcatnloFXFX-pythia8/DYJetsToLL_M50_EleMC_20190117/190117_100701/0000/DYJetsToLL_M50_EleMC_20190117_Ntuple_82.root
/cms/store/user/sthakur/ntuple_for2016Data_EleMC_20190117/EleMC_20190117/DYJetsToLL_M50_EleMC_20190117/DYJetsToLL_M-50_TuneCUETP8M1_13TeV-amcatnloFXFX-pythia8/DYJetsToLL_M50_EleMC_20190117/190117_100701/0000/DYJetsToLL_M50_EleMC_20190117_Ntuple_83.root
/cms/store/user/sthakur/ntuple_for2016Data_EleMC_20190117/EleMC_20190117/DYJetsToLL_M50_EleMC_20190117/DYJetsToLL_M-50_TuneCUETP8M1_13TeV-amcatnloFXFX-pythia8/DYJetsToLL_M50_EleMC_20190117/190117_100701/0000/DYJetsToLL_M50_EleMC_20190117_Ntuple_84.root
/cms/store/user/sthakur/ntuple_for2016Data_EleMC_20190117/EleMC_20190117/DYJetsToLL_M50_EleMC_20190117/DYJetsToLL_M-50_TuneCUETP8M1_13TeV-amcatnloFXFX-pythia8/DYJetsToLL_M50_EleMC_20190117/190117_100701/0000/DYJetsToLL_M50_EleMC_20190117_Ntuple_86.root
/cms/store/user/sthakur/ntuple_for2016Data_EleMC_20190117/EleMC_20190117/DYJetsToLL_M50_EleMC_20190117/DYJetsToLL_M-50_TuneCUETP8M1_13TeV-amcatnloFXFX-pythia8/DYJetsToLL_M50_EleMC_20190117/190117_100701/0000/DYJetsToLL_M50_EleMC_20190117_Ntuple_87.root
/cms/store/user/sthakur/ntuple_for2016Data_EleMC_20190117/EleMC_20190117/DYJetsToLL_M50_EleMC_20190117/DYJetsToLL_M-50_TuneCUETP8M1_13TeV-amcatnloFXFX-pythia8/DYJetsToLL_M50_EleMC_20190117/190117_100701/0000/DYJetsToLL_M50_EleMC_20190117_Ntuple_88.root
/cms/store/user/sthakur/ntuple_for2016Data_EleMC_20190117/EleMC_20190117/DYJetsToLL_M50_EleMC_20190117/DYJetsToLL_M-50_TuneCUETP8M1_13TeV-amcatnloFXFX-pythia8/DYJetsToLL_M50_EleMC_20190117/190117_100701/0000/DYJetsToLL_M50_EleMC_20190117_Ntuple_89.root
/cms/store/user/sthakur/ntuple_for2016Data_EleMC_20190117/EleMC_20190117/DYJetsToLL_M50_EleMC_20190117/DYJetsToLL_M-50_TuneCUETP8M1_13TeV-amcatnloFXFX-pythia8/DYJetsToLL_M50_EleMC_20190117/190117_100701/0000/DYJetsToLL_M50_EleMC_20190117_Ntuple_9.root
/cms/store/user/sthakur/ntuple_for2016Data_EleMC_20190117/EleMC_20190117/DYJetsToLL_M50_EleMC_20190117/DYJetsToLL_M-50_TuneCUETP8M1_13TeV-amcatnloFXFX-pythia8/DYJetsToLL_M50_EleMC_20190117/190117_100701/0000/DYJetsToLL_M50_EleMC_20190117_Ntuple_90.root
/cms/store/user/sthakur/ntuple_for2016Data_EleMC_20190117/EleMC_20190117/DYJetsToLL_M50_EleMC_20190117/DYJetsToLL_M-50_TuneCUETP8M1_13TeV-amcatnloFXFX-pythia8/DYJetsToLL_M50_EleMC_20190117/190117_100701/0000/DYJetsToLL_M50_EleMC_20190117_Ntuple_91.root
/cms/store/user/sthakur/ntuple_for2016Data_EleMC_20190117/EleMC_20190117/DYJetsToLL_M50_EleMC_20190117/DYJetsToLL_M-50_TuneCUETP8M1_13TeV-amcatnloFXFX-pythia8/DYJetsToLL_M50_EleMC_20190117/190117_100701/0000/DYJetsToLL_M50_EleMC_20190117_Ntuple_92.root
/cms/store/user/sthakur/ntuple_for2016Data_EleMC_20190117/EleMC_20190117/DYJetsToLL_M50_EleMC_20190117/DYJetsToLL_M-50_TuneCUETP8M1_13TeV-amcatnloFXFX-pythia8/DYJetsToLL_M50_EleMC_20190117/190117_100701/0000/DYJetsToLL_M50_EleMC_20190117_Ntuple_93.root
/cms/store/user/sthakur/ntuple_for2016Data_EleMC_20190117/EleMC_20190117/DYJetsToLL_M50_EleMC_20190117/DYJetsToLL_M-50_TuneCUETP8M1_13TeV-amcatnloFXFX-pythia8/DYJetsToLL_M50_EleMC_20190117/190117_100701/0000/DYJetsToLL_M50_EleMC_20190117_Ntuple_94.root
/cms/store/user/sthakur/ntuple_for2016Data_EleMC_20190117/EleMC_20190117/DYJetsToLL_M50_EleMC_20190117/DYJetsToLL_M-50_TuneCUETP8M1_13TeV-amcatnloFXFX-pythia8/DYJetsToLL_M50_EleMC_20190117/190117_100701/0000/DYJetsToLL_M50_EleMC_20190117_Ntuple_95.root
/cms/store/user/sthakur/ntuple_for2016Data_EleMC_20190117/EleMC_20190117/DYJetsToLL_M50_EleMC_20190117/DYJetsToLL_M-50_TuneCUETP8M1_13TeV-amcatnloFXFX-pythia8/DYJetsToLL_M50_EleMC_20190117/190117_100701/0000/DYJetsToLL_M50_EleMC_20190117_Ntuple_96.root
/cms/store/user/sthakur/ntuple_for2016Data_EleMC_20190117/EleMC_20190117/DYJetsToLL_M50_EleMC_20190117/DYJetsToLL_M-50_TuneCUETP8M1_13TeV-amcatnloFXFX-pythia8/DYJetsToLL_M50_EleMC_20190117/190117_100701/0000/DYJetsToLL_M50_EleMC_20190117_Ntuple_97.root
/cms/store/user/sthakur/ntuple_for2016Data_EleMC_20190117/EleMC_20190117/DYJetsToLL_M50_EleMC_20190117/DYJetsToLL_M-50_TuneCUETP8M1_13TeV-amcatnloFXFX-pythia8/DYJetsToLL_M50_EleMC_20190117/190117_100701/0000/DYJetsToLL_M50_EleMC_20190117_Ntuple_98.root
/cms/store/user/sthakur/ntuple_for2016Data_EleMC_20190117/EleMC_20190117/DYJetsToLL_M50_EleMC_20190117/DYJetsToLL_M-50_TuneCUETP8M1_13TeV-amcatnloFXFX-pythia8/DYJetsToLL_M50_EleMC_20190117/190117_100701/0000/DYJetsToLL_M50_EleMC_20190117_Ntuple_99.root
/cms/store/user/sthakur/ntuple_for2016Data_EleMC_20190117/EleMC_20190117/WJetsToLNu_EleMC_20190117/WJetsToLNu_TuneCUETP8M1_13TeV-madgraphMLM-pythia8/WJetsToLNu_EleMC_20190117/190117_103013/0000/WJetsToLNu_EleMC_20190117_Ntuple_1.root
/cms/store/user/sthakur/ntuple_for2016Data_EleMC_20190117/EleMC_20190117/WJetsToLNu_EleMC_20190117/WJetsToLNu_TuneCUETP8M1_13TeV-madgraphMLM-pythia8/WJetsToLNu_EleMC_20190117/190117_103013/0000/WJetsToLNu_EleMC_20190117_Ntuple_10.root
/cms/store/user/sthakur/ntuple_for2016Data_EleMC_20190117/EleMC_20190117/WJetsToLNu_EleMC_20190117/WJetsToLNu_TuneCUETP8M1_13TeV-madgraphMLM-pythia8/WJetsToLNu_EleMC_20190117/190117_103013/0000/WJetsToLNu_EleMC_20190117_Ntuple_11.root
/cms/store/user/sthakur/ntuple_for2016Data_EleMC_20190117/EleMC_20190117/WJetsToLNu_EleMC_20190117/WJetsToLNu_TuneCUETP8M1_13TeV-madgraphMLM-pythia8/WJetsToLNu_EleMC_20190117/190117_103013/0000/WJetsToLNu_EleMC_20190117_Ntuple_12.root
/cms/store/user/sthakur/ntuple_for2016Data_EleMC_20190117/EleMC_20190117/WJetsToLNu_EleMC_20190117/WJetsToLNu_TuneCUETP8M1_13TeV-madgraphMLM-pythia8/WJetsToLNu_EleMC_20190117/190117_103013/0000/WJetsToLNu_EleMC_20190117_Ntuple_13.root
/cms/store/user/sthakur/ntuple_for2016Data_EleMC_20190117/EleMC_20190117/WJetsToLNu_EleMC_20190117/WJetsToLNu_TuneCUETP8M1_13TeV-madgraphMLM-pythia8/WJetsToLNu_EleMC_20190117/190117_103013/0000/WJetsToLNu_EleMC_20190117_Ntuple_14.root
/cms/store/user/sthakur/ntuple_for2016Data_EleMC_20190117/EleMC_20190117/WJetsToLNu_EleMC_20190117/WJetsToLNu_TuneCUETP8M1_13TeV-madgraphMLM-pythia8/WJetsToLNu_EleMC_20190117/190117_103013/0000/WJetsToLNu_EleMC_20190117_Ntuple_15.root
/cms/store/user/sthakur/ntuple_for2016Data_EleMC_20190117/EleMC_20190117/WJetsToLNu_EleMC_20190117/WJetsToLNu_TuneCUETP8M1_13TeV-madgraphMLM-pythia8/WJetsToLNu_EleMC_20190117/190117_103013/0000/WJetsToLNu_EleMC_20190117_Ntuple_16.root
/cms/store/user/sthakur/ntuple_for2016Data_EleMC_20190117/EleMC_20190117/WJetsToLNu_EleMC_20190117/WJetsToLNu_TuneCUETP8M1_13TeV-madgraphMLM-pythia8/WJetsToLNu_EleMC_20190117/190117_103013/0000/WJetsToLNu_EleMC_20190117_Ntuple_17.root
/cms/store/user/sthakur/ntuple_for2016Data_EleMC_20190117/EleMC_20190117/WJetsToLNu_EleMC_20190117/WJetsToLNu_TuneCUETP8M1_13TeV-madgraphMLM-pythia8/WJetsToLNu_EleMC_20190117/190117_103013/0000/WJetsToLNu_EleMC_20190117_Ntuple_18.root
/cms/store/user/sthakur/ntuple_for2016Data_EleMC_20190117/EleMC_20190117/WJetsToLNu_EleMC_20190117/WJetsToLNu_TuneCUETP8M1_13TeV-madgraphMLM-pythia8/WJetsToLNu_EleMC_20190117/190117_103013/0000/WJetsToLNu_EleMC_20190117_Ntuple_19.root
/cms/store/user/sthakur/ntuple_for2016Data_EleMC_20190117/EleMC_20190117/WJetsToLNu_EleMC_20190117/WJetsToLNu_TuneCUETP8M1_13TeV-madgraphMLM-pythia8/WJetsToLNu_EleMC_20190117/190117_103013/0000/WJetsToLNu_EleMC_20190117_Ntuple_2.root
/cms/store/user/sthakur/ntuple_for2016Data_EleMC_20190117/EleMC_20190117/WJetsToLNu_EleMC_20190117/WJetsToLNu_TuneCUETP8M1_13TeV-madgraphMLM-pythia8/WJetsToLNu_EleMC_20190117/190117_103013/0000/WJetsToLNu_EleMC_20190117_Ntuple_20.root
/cms/store/user/sthakur/ntuple_for2016Data_EleMC_20190117/EleMC_20190117/WJetsToLNu_EleMC_20190117/WJetsToLNu_TuneCUETP8M1_13TeV-madgraphMLM-pythia8/WJetsToLNu_EleMC_20190117/190117_103013/0000/WJetsToLNu_EleMC_20190117_Ntuple_21.root
/cms/store/user/sthakur/ntuple_for2016Data_EleMC_20190117/EleMC_20190117/WJetsToLNu_EleMC_20190117/WJetsToLNu_TuneCUETP8M1_13TeV-madgraphMLM-pythia8/WJetsToLNu_EleMC_20190117/190117_103013/0000/WJetsToLNu_EleMC_20190117_Ntuple_22.root
/cms/store/user/sthakur/ntuple_for2016Data_EleMC_20190117/EleMC_20190117/WJetsToLNu_EleMC_20190117/WJetsToLNu_TuneCUETP8M1_13TeV-madgraphMLM-pythia8/WJetsToLNu_EleMC_20190117/190117_103013/0000/WJetsToLNu_EleMC_20190117_Ntuple_23.root
/cms/store/user/sthakur/ntuple_for2016Data_EleMC_20190117/EleMC_20190117/WJetsToLNu_EleMC_20190117/WJetsToLNu_TuneCUETP8M1_13TeV-madgraphMLM-pythia8/WJetsToLNu_EleMC_20190117/190117_103013/0000/WJetsToLNu_EleMC_20190117_Ntuple_24.root
/cms/store/user/sthakur/ntuple_for2016Data_EleMC_20190117/EleMC_20190117/WJetsToLNu_EleMC_20190117/WJetsToLNu_TuneCUETP8M1_13TeV-madgraphMLM-pythia8/WJetsToLNu_EleMC_20190117/190117_103013/0000/WJetsToLNu_EleMC_20190117_Ntuple_25.root
/cms/store/user/sthakur/ntuple_for2016Data_EleMC_20190117/EleMC_20190117/WJetsToLNu_EleMC_20190117/WJetsToLNu_TuneCUETP8M1_13TeV-madgraphMLM-pythia8/WJetsToLNu_EleMC_20190117/190117_103013/0000/WJetsToLNu_EleMC_20190117_Ntuple_26.root
/cms/store/user/sthakur/ntuple_for2016Data_EleMC_20190117/EleMC_20190117/WJetsToLNu_EleMC_20190117/WJetsToLNu_TuneCUETP8M1_13TeV-madgraphMLM-pythia8/WJetsToLNu_EleMC_20190117/190117_103013/0000/WJetsToLNu_EleMC_20190117_Ntuple_27.root
/cms/store/user/sthakur/ntuple_for2016Data_EleMC_20190117/EleMC_20190117/WJetsToLNu_EleMC_20190117/WJetsToLNu_TuneCUETP8M1_13TeV-madgraphMLM-pythia8/WJetsToLNu_EleMC_20190117/190117_103013/0000/WJetsToLNu_EleMC_20190117_Ntuple_29.root
/cms/store/user/sthakur/ntuple_for2016Data_EleMC_20190117/EleMC_20190117/WJetsToLNu_EleMC_20190117/WJetsToLNu_TuneCUETP8M1_13TeV-madgraphMLM-pythia8/WJetsToLNu_EleMC_20190117/190117_103013/0000/WJetsToLNu_EleMC_20190117_Ntuple_3.root
/cms/store/user/sthakur/ntuple_for2016Data_EleMC_20190117/EleMC_20190117/WJetsToLNu_EleMC_20190117/WJetsToLNu_TuneCUETP8M1_13TeV-madgraphMLM-pythia8/WJetsToLNu_EleMC_20190117/190117_103013/0000/WJetsToLNu_EleMC_20190117_Ntuple_30.root
/cms/store/user/sthakur/ntuple_for2016Data_EleMC_20190117/EleMC_20190117/WJetsToLNu_EleMC_20190117/WJetsToLNu_TuneCUETP8M1_13TeV-madgraphMLM-pythia8/WJetsToLNu_EleMC_20190117/190117_103013/0000/WJetsToLNu_EleMC_20190117_Ntuple_31.root
/cms/store/user/sthakur/ntuple_for2016Data_EleMC_20190117/EleMC_20190117/WJetsToLNu_EleMC_20190117/WJetsToLNu_TuneCUETP8M1_13TeV-madgraphMLM-pythia8/WJetsToLNu_EleMC_20190117/190117_103013/0000/WJetsToLNu_EleMC_20190117_Ntuple_32.root
/cms/store/user/sthakur/ntuple_for2016Data_EleMC_20190117/EleMC_20190117/WJetsToLNu_EleMC_20190117/WJetsToLNu_TuneCUETP8M1_13TeV-madgraphMLM-pythia8/WJetsToLNu_EleMC_20190117/190117_103013/0000/WJetsToLNu_EleMC_20190117_Ntuple_33.root
/cms/store/user/sthakur/ntuple_for2016Data_EleMC_20190117/EleMC_20190117/WJetsToLNu_EleMC_20190117/WJetsToLNu_TuneCUETP8M1_13TeV-madgraphMLM-pythia8/WJetsToLNu_EleMC_20190117/190117_103013/0000/WJetsToLNu_EleMC_20190117_Ntuple_34.root
/cms/store/user/sthakur/ntuple_for2016Data_EleMC_20190117/EleMC_20190117/WJetsToLNu_EleMC_20190117/WJetsToLNu_TuneCUETP8M1_13TeV-madgraphMLM-pythia8/WJetsToLNu_EleMC_20190117/190117_103013/0000/WJetsToLNu_EleMC_20190117_Ntuple_35.root
/cms/store/user/sthakur/ntuple_for2016Data_EleMC_20190117/EleMC_20190117/WJetsToLNu_EleMC_20190117/WJetsToLNu_TuneCUETP8M1_13TeV-madgraphMLM-pythia8/WJetsToLNu_EleMC_20190117/190117_103013/0000/WJetsToLNu_EleMC_20190117_Ntuple_36.root
/cms/store/user/sthakur/ntuple_for2016Data_EleMC_20190117/EleMC_20190117/WJetsToLNu_EleMC_20190117/WJetsToLNu_TuneCUETP8M1_13TeV-madgraphMLM-pythia8/WJetsToLNu_EleMC_20190117/190117_103013/0000/WJetsToLNu_EleMC_20190117_Ntuple_37.root
/cms/store/user/sthakur/ntuple_for2016Data_EleMC_20190117/EleMC_20190117/WJetsToLNu_EleMC_20190117/WJetsToLNu_TuneCUETP8M1_13TeV-madgraphMLM-pythia8/WJetsToLNu_EleMC_20190117/190117_103013/0000/WJetsToLNu_EleMC_20190117_Ntuple_38.root
/cms/store/user/sthakur/ntuple_for2016Data_EleMC_20190117/EleMC_20190117/WJetsToLNu_EleMC_20190117/WJetsToLNu_TuneCUETP8M1_13TeV-madgraphMLM-pythia8/WJetsToLNu_EleMC_20190117/190117_103013/0000/WJetsToLNu_EleMC_20190117_Ntuple_39.root
/cms/store/user/sthakur/ntuple_for2016Data_EleMC_20190117/EleMC_20190117/WJetsToLNu_EleMC_20190117/WJetsToLNu_TuneCUETP8M1_13TeV-madgraphMLM-pythia8/WJetsToLNu_EleMC_20190117/190117_103013/0000/WJetsToLNu_EleMC_20190117_Ntuple_4.root
/cms/store/user/sthakur/ntuple_for2016Data_EleMC_20190117/EleMC_20190117/WJetsToLNu_EleMC_20190117/WJetsToLNu_TuneCUETP8M1_13TeV-madgraphMLM-pythia8/WJetsToLNu_EleMC_20190117/190117_103013/0000/WJetsToLNu_EleMC_20190117_Ntuple_40.root
/cms/store/user/sthakur/ntuple_for2016Data_EleMC_20190117/EleMC_20190117/WJetsToLNu_EleMC_20190117/WJetsToLNu_TuneCUETP8M1_13TeV-madgraphMLM-pythia8/WJetsToLNu_EleMC_20190117/190117_103013/0000/WJetsToLNu_EleMC_20190117_Ntuple_41.root
/cms/store/user/sthakur/ntuple_for2016Data_EleMC_20190117/EleMC_20190117/WJetsToLNu_EleMC_20190117/WJetsToLNu_TuneCUETP8M1_13TeV-madgraphMLM-pythia8/WJetsToLNu_EleMC_20190117/190117_103013/0000/WJetsToLNu_EleMC_20190117_Ntuple_42.root
/cms/store/user/sthakur/ntuple_for2016Data_EleMC_20190117/EleMC_20190117/WJetsToLNu_EleMC_20190117/WJetsToLNu_TuneCUETP8M1_13TeV-madgraphMLM-pythia8/WJetsToLNu_EleMC_20190117/190117_103013/0000/WJetsToLNu_EleMC_20190117_Ntuple_43.root
/cms/store/user/sthakur/ntuple_for2016Data_EleMC_20190117/EleMC_20190117/WJetsToLNu_EleMC_20190117/WJetsToLNu_TuneCUETP8M1_13TeV-madgraphMLM-pythia8/WJetsToLNu_EleMC_20190117/190117_103013/0000/WJetsToLNu_EleMC_20190117_Ntuple_5.root
/cms/store/user/sthakur/ntuple_for2016Data_EleMC_20190117/EleMC_20190117/WJetsToLNu_EleMC_20190117/WJetsToLNu_TuneCUETP8M1_13TeV-madgraphMLM-pythia8/WJetsToLNu_EleMC_20190117/190117_103013/0000/WJetsToLNu_EleMC_20190117_Ntuple_6.root
/cms/store/user/sthakur/ntuple_for2016Data_EleMC_20190117/EleMC_20190117/WJetsToLNu_EleMC_20190117/WJetsToLNu_TuneCUETP8M1_13TeV-madgraphMLM-pythia8/WJetsToLNu_EleMC_20190117/190117_103013/0000/WJetsToLNu_EleMC_20190117_Ntuple_7.root
/cms/store/user/sthakur/ntuple_for2016Data_EleMC_20190117/EleMC_20190117/WJetsToLNu_EleMC_20190117/WJetsToLNu_TuneCUETP8M1_13TeV-madgraphMLM-pythia8/WJetsToLNu_EleMC_20190117/190117_103013/0000/WJetsToLNu_EleMC_20190117_Ntuple_8.root
/cms/store/user/sthakur/ntuple_for2016Data_EleMC_20190117/EleMC_20190117/WJetsToLNu_EleMC_20190117/WJetsToLNu_TuneCUETP8M1_13TeV-madgraphMLM-pythia8/WJetsToLNu_EleMC_20190117/190117_103013/0000/WJetsToLNu_EleMC_20190117_Ntuple_9.root
