CondorOut/DYJetsToLL_M50_EleMC_20190117_Ntuple_100_Anal.root
CondorOut/DYJetsToLL_M50_EleMC_20190117_Ntuple_101_Anal.root
CondorOut/DYJetsToLL_M50_EleMC_20190117_Ntuple_102_Anal.root
CondorOut/DYJetsToLL_M50_EleMC_20190117_Ntuple_103_Anal.root
CondorOut/DYJetsToLL_M50_EleMC_20190117_Ntuple_104_Anal.root
CondorOut/DYJetsToLL_M50_EleMC_20190117_Ntuple_105_Anal.root
CondorOut/DYJetsToLL_M50_EleMC_20190117_Ntuple_106_Anal.root
CondorOut/DYJetsToLL_M50_EleMC_20190117_Ntuple_107_Anal.root
CondorOut/DYJetsToLL_M50_EleMC_20190117_Ntuple_108_Anal.root
CondorOut/DYJetsToLL_M50_EleMC_20190117_Ntuple_109_Anal.root
CondorOut/DYJetsToLL_M50_EleMC_20190117_Ntuple_10_Anal.root
CondorOut/DYJetsToLL_M50_EleMC_20190117_Ntuple_110_Anal.root
CondorOut/DYJetsToLL_M50_EleMC_20190117_Ntuple_112_Anal.root
CondorOut/DYJetsToLL_M50_EleMC_20190117_Ntuple_113_Anal.root
CondorOut/DYJetsToLL_M50_EleMC_20190117_Ntuple_114_Anal.root
CondorOut/DYJetsToLL_M50_EleMC_20190117_Ntuple_115_Anal.root
CondorOut/DYJetsToLL_M50_EleMC_20190117_Ntuple_116_Anal.root
CondorOut/DYJetsToLL_M50_EleMC_20190117_Ntuple_117_Anal.root
CondorOut/DYJetsToLL_M50_EleMC_20190117_Ntuple_118_Anal.root
CondorOut/DYJetsToLL_M50_EleMC_20190117_Ntuple_119_Anal.root
CondorOut/DYJetsToLL_M50_EleMC_20190117_Ntuple_11_Anal.root
CondorOut/DYJetsToLL_M50_EleMC_20190117_Ntuple_120_Anal.root
CondorOut/DYJetsToLL_M50_EleMC_20190117_Ntuple_121_Anal.root
CondorOut/DYJetsToLL_M50_EleMC_20190117_Ntuple_122_Anal.root
CondorOut/DYJetsToLL_M50_EleMC_20190117_Ntuple_123_Anal.root
CondorOut/DYJetsToLL_M50_EleMC_20190117_Ntuple_124_Anal.root
CondorOut/DYJetsToLL_M50_EleMC_20190117_Ntuple_126_Anal.root
CondorOut/DYJetsToLL_M50_EleMC_20190117_Ntuple_127_Anal.root
CondorOut/DYJetsToLL_M50_EleMC_20190117_Ntuple_128_Anal.root
CondorOut/DYJetsToLL_M50_EleMC_20190117_Ntuple_129_Anal.root
CondorOut/DYJetsToLL_M50_EleMC_20190117_Ntuple_12_Anal.root
CondorOut/DYJetsToLL_M50_EleMC_20190117_Ntuple_130_Anal.root
CondorOut/DYJetsToLL_M50_EleMC_20190117_Ntuple_131_Anal.root
CondorOut/DYJetsToLL_M50_EleMC_20190117_Ntuple_133_Anal.root
CondorOut/DYJetsToLL_M50_EleMC_20190117_Ntuple_134_Anal.root
CondorOut/DYJetsToLL_M50_EleMC_20190117_Ntuple_135_Anal.root
CondorOut/DYJetsToLL_M50_EleMC_20190117_Ntuple_136_Anal.root
CondorOut/DYJetsToLL_M50_EleMC_20190117_Ntuple_137_Anal.root
CondorOut/DYJetsToLL_M50_EleMC_20190117_Ntuple_138_Anal.root
CondorOut/DYJetsToLL_M50_EleMC_20190117_Ntuple_139_Anal.root
CondorOut/DYJetsToLL_M50_EleMC_20190117_Ntuple_13_Anal.root
CondorOut/DYJetsToLL_M50_EleMC_20190117_Ntuple_140_Anal.root
CondorOut/DYJetsToLL_M50_EleMC_20190117_Ntuple_141_Anal.root
CondorOut/DYJetsToLL_M50_EleMC_20190117_Ntuple_142_Anal.root
CondorOut/DYJetsToLL_M50_EleMC_20190117_Ntuple_143_Anal.root
CondorOut/DYJetsToLL_M50_EleMC_20190117_Ntuple_144_Anal.root
CondorOut/DYJetsToLL_M50_EleMC_20190117_Ntuple_145_Anal.root
CondorOut/DYJetsToLL_M50_EleMC_20190117_Ntuple_146_Anal.root
CondorOut/DYJetsToLL_M50_EleMC_20190117_Ntuple_14_Anal.root
CondorOut/DYJetsToLL_M50_EleMC_20190117_Ntuple_15_Anal.root
CondorOut/DYJetsToLL_M50_EleMC_20190117_Ntuple_17_Anal.root
CondorOut/DYJetsToLL_M50_EleMC_20190117_Ntuple_18_Anal.root
CondorOut/DYJetsToLL_M50_EleMC_20190117_Ntuple_19_Anal.root
CondorOut/DYJetsToLL_M50_EleMC_20190117_Ntuple_1_Anal.root
CondorOut/DYJetsToLL_M50_EleMC_20190117_Ntuple_20_Anal.root
CondorOut/DYJetsToLL_M50_EleMC_20190117_Ntuple_21_Anal.root
CondorOut/DYJetsToLL_M50_EleMC_20190117_Ntuple_22_Anal.root
CondorOut/DYJetsToLL_M50_EleMC_20190117_Ntuple_23_Anal.root
CondorOut/DYJetsToLL_M50_EleMC_20190117_Ntuple_24_Anal.root
CondorOut/DYJetsToLL_M50_EleMC_20190117_Ntuple_25_Anal.root
CondorOut/DYJetsToLL_M50_EleMC_20190117_Ntuple_26_Anal.root
CondorOut/DYJetsToLL_M50_EleMC_20190117_Ntuple_27_Anal.root
CondorOut/DYJetsToLL_M50_EleMC_20190117_Ntuple_28_Anal.root
CondorOut/DYJetsToLL_M50_EleMC_20190117_Ntuple_29_Anal.root
CondorOut/DYJetsToLL_M50_EleMC_20190117_Ntuple_2_Anal.root
CondorOut/DYJetsToLL_M50_EleMC_20190117_Ntuple_30_Anal.root
CondorOut/DYJetsToLL_M50_EleMC_20190117_Ntuple_31_Anal.root
CondorOut/DYJetsToLL_M50_EleMC_20190117_Ntuple_32_Anal.root
CondorOut/DYJetsToLL_M50_EleMC_20190117_Ntuple_33_Anal.root
CondorOut/DYJetsToLL_M50_EleMC_20190117_Ntuple_34_Anal.root
CondorOut/DYJetsToLL_M50_EleMC_20190117_Ntuple_35_Anal.root
CondorOut/DYJetsToLL_M50_EleMC_20190117_Ntuple_36_Anal.root
CondorOut/DYJetsToLL_M50_EleMC_20190117_Ntuple_37_Anal.root
CondorOut/DYJetsToLL_M50_EleMC_20190117_Ntuple_38_Anal.root
CondorOut/DYJetsToLL_M50_EleMC_20190117_Ntuple_39_Anal.root
CondorOut/DYJetsToLL_M50_EleMC_20190117_Ntuple_3_Anal.root
CondorOut/DYJetsToLL_M50_EleMC_20190117_Ntuple_40_Anal.root
CondorOut/DYJetsToLL_M50_EleMC_20190117_Ntuple_41_Anal.root
CondorOut/DYJetsToLL_M50_EleMC_20190117_Ntuple_42_Anal.root
CondorOut/DYJetsToLL_M50_EleMC_20190117_Ntuple_43_Anal.root
CondorOut/DYJetsToLL_M50_EleMC_20190117_Ntuple_44_Anal.root
CondorOut/DYJetsToLL_M50_EleMC_20190117_Ntuple_45_Anal.root
CondorOut/DYJetsToLL_M50_EleMC_20190117_Ntuple_46_Anal.root
CondorOut/DYJetsToLL_M50_EleMC_20190117_Ntuple_47_Anal.root
CondorOut/DYJetsToLL_M50_EleMC_20190117_Ntuple_48_Anal.root
CondorOut/DYJetsToLL_M50_EleMC_20190117_Ntuple_49_Anal.root
CondorOut/DYJetsToLL_M50_EleMC_20190117_Ntuple_4_Anal.root
CondorOut/DYJetsToLL_M50_EleMC_20190117_Ntuple_50_Anal.root
CondorOut/DYJetsToLL_M50_EleMC_20190117_Ntuple_51_Anal.root
CondorOut/DYJetsToLL_M50_EleMC_20190117_Ntuple_52_Anal.root
CondorOut/DYJetsToLL_M50_EleMC_20190117_Ntuple_53_Anal.root
CondorOut/DYJetsToLL_M50_EleMC_20190117_Ntuple_54_Anal.root
CondorOut/DYJetsToLL_M50_EleMC_20190117_Ntuple_55_Anal.root
CondorOut/DYJetsToLL_M50_EleMC_20190117_Ntuple_56_Anal.root
CondorOut/DYJetsToLL_M50_EleMC_20190117_Ntuple_57_Anal.root
CondorOut/DYJetsToLL_M50_EleMC_20190117_Ntuple_58_Anal.root
CondorOut/DYJetsToLL_M50_EleMC_20190117_Ntuple_59_Anal.root
CondorOut/DYJetsToLL_M50_EleMC_20190117_Ntuple_5_Anal.root
CondorOut/DYJetsToLL_M50_EleMC_20190117_Ntuple_60_Anal.root
CondorOut/DYJetsToLL_M50_EleMC_20190117_Ntuple_61_Anal.root
CondorOut/DYJetsToLL_M50_EleMC_20190117_Ntuple_62_Anal.root
CondorOut/DYJetsToLL_M50_EleMC_20190117_Ntuple_63_Anal.root
CondorOut/DYJetsToLL_M50_EleMC_20190117_Ntuple_64_Anal.root
CondorOut/DYJetsToLL_M50_EleMC_20190117_Ntuple_65_Anal.root
CondorOut/DYJetsToLL_M50_EleMC_20190117_Ntuple_66_Anal.root
CondorOut/DYJetsToLL_M50_EleMC_20190117_Ntuple_67_Anal.root
CondorOut/DYJetsToLL_M50_EleMC_20190117_Ntuple_68_Anal.root
CondorOut/DYJetsToLL_M50_EleMC_20190117_Ntuple_69_Anal.root
CondorOut/DYJetsToLL_M50_EleMC_20190117_Ntuple_6_Anal.root
CondorOut/DYJetsToLL_M50_EleMC_20190117_Ntuple_70_Anal.root
CondorOut/DYJetsToLL_M50_EleMC_20190117_Ntuple_71_Anal.root
CondorOut/DYJetsToLL_M50_EleMC_20190117_Ntuple_72_Anal.root
CondorOut/DYJetsToLL_M50_EleMC_20190117_Ntuple_73_Anal.root
CondorOut/DYJetsToLL_M50_EleMC_20190117_Ntuple_74_Anal.root
CondorOut/DYJetsToLL_M50_EleMC_20190117_Ntuple_75_Anal.root
CondorOut/DYJetsToLL_M50_EleMC_20190117_Ntuple_76_Anal.root
CondorOut/DYJetsToLL_M50_EleMC_20190117_Ntuple_77_Anal.root
CondorOut/DYJetsToLL_M50_EleMC_20190117_Ntuple_78_Anal.root
CondorOut/DYJetsToLL_M50_EleMC_20190117_Ntuple_79_Anal.root
CondorOut/DYJetsToLL_M50_EleMC_20190117_Ntuple_7_Anal.root
CondorOut/DYJetsToLL_M50_EleMC_20190117_Ntuple_80_Anal.root
CondorOut/DYJetsToLL_M50_EleMC_20190117_Ntuple_81_Anal.root
CondorOut/DYJetsToLL_M50_EleMC_20190117_Ntuple_82_Anal.root
CondorOut/DYJetsToLL_M50_EleMC_20190117_Ntuple_83_Anal.root
CondorOut/DYJetsToLL_M50_EleMC_20190117_Ntuple_84_Anal.root
CondorOut/DYJetsToLL_M50_EleMC_20190117_Ntuple_86_Anal.root
CondorOut/DYJetsToLL_M50_EleMC_20190117_Ntuple_87_Anal.root
CondorOut/DYJetsToLL_M50_EleMC_20190117_Ntuple_88_Anal.root
CondorOut/DYJetsToLL_M50_EleMC_20190117_Ntuple_89_Anal.root
CondorOut/DYJetsToLL_M50_EleMC_20190117_Ntuple_8_Anal.root
CondorOut/DYJetsToLL_M50_EleMC_20190117_Ntuple_90_Anal.root
CondorOut/DYJetsToLL_M50_EleMC_20190117_Ntuple_91_Anal.root
CondorOut/DYJetsToLL_M50_EleMC_20190117_Ntuple_92_Anal.root
CondorOut/DYJetsToLL_M50_EleMC_20190117_Ntuple_93_Anal.root
CondorOut/DYJetsToLL_M50_EleMC_20190117_Ntuple_94_Anal.root
CondorOut/DYJetsToLL_M50_EleMC_20190117_Ntuple_95_Anal.root
CondorOut/DYJetsToLL_M50_EleMC_20190117_Ntuple_96_Anal.root
CondorOut/DYJetsToLL_M50_EleMC_20190117_Ntuple_97_Anal.root
CondorOut/DYJetsToLL_M50_EleMC_20190117_Ntuple_98_Anal.root
CondorOut/DYJetsToLL_M50_EleMC_20190117_Ntuple_99_Anal.root
CondorOut/DYJetsToLL_M50_EleMC_20190117_Ntuple_9_Anal.root
CondorOut/DYJetsToLL_Pt100To250_EleMC_20190117_Ntuple_1_Anal.root
CondorOut/DYJetsToLL_Pt100To250_EleMC_20190117_Ntuple_2_Anal.root
CondorOut/DYJetsToLL_Pt100To250_EleMC_20190117_Ntuple_3_Anal.root
CondorOut/DYJetsToLL_Pt100To250_EleMC_20190117_Ntuple_4_Anal.root
CondorOut/DYJetsToLL_Pt100To250_EleMC_20190117_Ntuple_5_Anal.root
CondorOut/DYJetsToLL_Pt100To250_EleMC_20190117_Ntuple_6_Anal.root
CondorOut/DYJetsToLL_Pt250To400_EleMC_20190117_Ntuple_1_Anal.root
CondorOut/DYJetsToLL_Pt250To400_EleMC_20190117_Ntuple_2_Anal.root
CondorOut/DYJetsToLL_Pt400To650_EleMC_20190117_Ntuple_1_Anal.root
CondorOut/DYJetsToLL_Pt50To100_EleMC_20190117_Ntuple_10_Anal.root
CondorOut/DYJetsToLL_Pt50To100_EleMC_20190117_Ntuple_11_Anal.root
CondorOut/DYJetsToLL_Pt50To100_EleMC_20190117_Ntuple_12_Anal.root
CondorOut/DYJetsToLL_Pt50To100_EleMC_20190117_Ntuple_13_Anal.root
CondorOut/DYJetsToLL_Pt50To100_EleMC_20190117_Ntuple_14_Anal.root
CondorOut/DYJetsToLL_Pt50To100_EleMC_20190117_Ntuple_15_Anal.root
CondorOut/DYJetsToLL_Pt50To100_EleMC_20190117_Ntuple_16_Anal.root
CondorOut/DYJetsToLL_Pt50To100_EleMC_20190117_Ntuple_17_Anal.root
CondorOut/DYJetsToLL_Pt50To100_EleMC_20190117_Ntuple_18_Anal.root
CondorOut/DYJetsToLL_Pt50To100_EleMC_20190117_Ntuple_19_Anal.root
CondorOut/DYJetsToLL_Pt50To100_EleMC_20190117_Ntuple_1_Anal.root
CondorOut/DYJetsToLL_Pt50To100_EleMC_20190117_Ntuple_20_Anal.root
CondorOut/DYJetsToLL_Pt50To100_EleMC_20190117_Ntuple_21_Anal.root
CondorOut/DYJetsToLL_Pt50To100_EleMC_20190117_Ntuple_22_Anal.root
CondorOut/DYJetsToLL_Pt50To100_EleMC_20190117_Ntuple_23_Anal.root
CondorOut/DYJetsToLL_Pt50To100_EleMC_20190117_Ntuple_24_Anal.root
CondorOut/DYJetsToLL_Pt50To100_EleMC_20190117_Ntuple_2_Anal.root
CondorOut/DYJetsToLL_Pt50To100_EleMC_20190117_Ntuple_3_Anal.root
CondorOut/DYJetsToLL_Pt50To100_EleMC_20190117_Ntuple_4_Anal.root
CondorOut/DYJetsToLL_Pt50To100_EleMC_20190117_Ntuple_5_Anal.root
CondorOut/DYJetsToLL_Pt50To100_EleMC_20190117_Ntuple_6_Anal.root
CondorOut/DYJetsToLL_Pt50To100_EleMC_20190117_Ntuple_7_Anal.root
CondorOut/DYJetsToLL_Pt50To100_EleMC_20190117_Ntuple_8_Anal.root
CondorOut/DYJetsToLL_Pt50To100_EleMC_20190117_Ntuple_9_Anal.root
CondorOut/DYJetsToLL_Pt650ToInf_EleMC_20190117_Ntuple_1_Anal.root
CondorOut/DYJetsToLL_Pt650ToInf_EleMC_20190117_Ntuple_2_Anal.root
CondorOut/DYJetsToLL_Pt650ToInf_EleMC_20190117_Ntuple_3_Anal.root
CondorOut/ExLepEEZ_M1000_EleMC_20190117_Ntuple_10_Anal.root
CondorOut/ExLepEEZ_M1000_EleMC_20190117_Ntuple_11_Anal.root
CondorOut/ExLepEEZ_M1000_EleMC_20190117_Ntuple_12_Anal.root
CondorOut/ExLepEEZ_M1000_EleMC_20190117_Ntuple_13_Anal.root
CondorOut/ExLepEEZ_M1000_EleMC_20190117_Ntuple_14_Anal.root
CondorOut/ExLepEEZ_M1000_EleMC_20190117_Ntuple_15_Anal.root
CondorOut/ExLepEEZ_M1000_EleMC_20190117_Ntuple_16_Anal.root
CondorOut/ExLepEEZ_M1000_EleMC_20190117_Ntuple_17_Anal.root
CondorOut/ExLepEEZ_M1000_EleMC_20190117_Ntuple_18_Anal.root
CondorOut/ExLepEEZ_M1000_EleMC_20190117_Ntuple_19_Anal.root
CondorOut/ExLepEEZ_M1000_EleMC_20190117_Ntuple_1_Anal.root
CondorOut/ExLepEEZ_M1000_EleMC_20190117_Ntuple_20_Anal.root
CondorOut/ExLepEEZ_M1000_EleMC_20190117_Ntuple_21_Anal.root
CondorOut/ExLepEEZ_M1000_EleMC_20190117_Ntuple_2_Anal.root
CondorOut/ExLepEEZ_M1000_EleMC_20190117_Ntuple_3_Anal.root
CondorOut/ExLepEEZ_M1000_EleMC_20190117_Ntuple_4_Anal.root
CondorOut/ExLepEEZ_M1000_EleMC_20190117_Ntuple_5_Anal.root
CondorOut/ExLepEEZ_M1000_EleMC_20190117_Ntuple_6_Anal.root
CondorOut/ExLepEEZ_M1000_EleMC_20190117_Ntuple_7_Anal.root
CondorOut/ExLepEEZ_M1000_EleMC_20190117_Ntuple_8_Anal.root
CondorOut/ExLepEEZ_M1000_EleMC_20190117_Ntuple_9_Anal.root
CondorOut/ExLepEEZ_M1250_EleMC_20190117_Ntuple_1_Anal.root
CondorOut/ExLepEEZ_M1250_EleMC_20190117_Ntuple_2_Anal.root
CondorOut/ExLepEEZ_M1250_EleMC_20190117_Ntuple_3_Anal.root
CondorOut/ExLepEEZ_M1500_EleMC_20190117_Ntuple_1_Anal.root
CondorOut/ExLepEEZ_M1500_EleMC_20190117_Ntuple_2_Anal.root
CondorOut/ExLepEEZ_M1750_EleMC_20190117_Ntuple_1_Anal.root
CondorOut/ExLepEEZ_M1750_EleMC_20190117_Ntuple_2_Anal.root
CondorOut/ExLepEEZ_M1750_EleMC_20190117_Ntuple_3_Anal.root
CondorOut/ExLepEEZ_M1750_EleMC_20190117_Ntuple_4_Anal.root
CondorOut/ExLepEEZ_M2000_EleMC_20190117_Ntuple_1_Anal.root
CondorOut/ExLepEEZ_M2000_EleMC_20190117_Ntuple_2_Anal.root
CondorOut/ExLepEEZ_M2000_EleMC_20190117_Ntuple_3_Anal.root
CondorOut/ExLepEEZ_M2500_EleMC_20190117_Ntuple_1_Anal.root
CondorOut/ExLepEEZ_M2500_EleMC_20190117_Ntuple_2_Anal.root
CondorOut/ExLepEEZ_M2500_EleMC_20190117_Ntuple_3_Anal.root
CondorOut/ExLepEEZ_M250_EleMC_20190117_Ntuple_1_Anal.root
CondorOut/ExLepEEZ_M250_EleMC_20190117_Ntuple_2_Anal.root
CondorOut/ExLepEEZ_M250_EleMC_20190117_Ntuple_3_Anal.root
CondorOut/ExLepEEZ_M3000_EleMC_20190117_Ntuple_1_Anal.root
CondorOut/ExLepEEZ_M3000_EleMC_20190117_Ntuple_2_Anal.root
CondorOut/ExLepEEZ_M3000_EleMC_20190117_Ntuple_3_Anal.root
CondorOut/ExLepEEZ_M3000_EleMC_20190117_Ntuple_4_Anal.root
CondorOut/ExLepEEZ_M3500_EleMC_20190117_Ntuple_1_Anal.root
CondorOut/ExLepEEZ_M3500_EleMC_20190117_Ntuple_2_Anal.root
CondorOut/ExLepEEZ_M3500_EleMC_20190117_Ntuple_3_Anal.root
CondorOut/ExLepEEZ_M3500_EleMC_20190117_Ntuple_4_Anal.root
CondorOut/ExLepEEZ_M3500_EleMC_20190117_Ntuple_5_Anal.root
CondorOut/ExLepEEZ_M4000_EleMC_20190117_Ntuple_1_Anal.root
CondorOut/ExLepEEZ_M4000_EleMC_20190117_Ntuple_2_Anal.root
CondorOut/ExLepEEZ_M4000_EleMC_20190117_Ntuple_3_Anal.root
CondorOut/ExLepEEZ_M4000_EleMC_20190117_Ntuple_4_Anal.root
CondorOut/ExLepEEZ_M4500_EleMC_20190117_Ntuple_1_Anal.root
CondorOut/ExLepEEZ_M4500_EleMC_20190117_Ntuple_2_Anal.root
CondorOut/ExLepEEZ_M4500_EleMC_20190117_Ntuple_3_Anal.root
CondorOut/ExLepEEZ_M4500_EleMC_20190117_Ntuple_4_Anal.root
CondorOut/ExLepEEZ_M5000_EleMC_20190117_Ntuple_1_Anal.root
CondorOut/ExLepEEZ_M5000_EleMC_20190117_Ntuple_2_Anal.root
CondorOut/ExLepEEZ_M5000_EleMC_20190117_Ntuple_3_Anal.root
CondorOut/ExLepEEZ_M5000_EleMC_20190117_Ntuple_4_Anal.root
CondorOut/ExLepEEZ_M5000_EleMC_20190117_Ntuple_5_Anal.root
CondorOut/ExLepEEZ_M500_EleMC_20190117_Ntuple_1_Anal.root
CondorOut/ExLepEEZ_M500_EleMC_20190117_Ntuple_2_Anal.root
CondorOut/ExLepEEZ_M500_EleMC_20190117_Ntuple_3_Anal.root
CondorOut/ExLepEEZ_M500_EleMC_20190117_Ntuple_4_Anal.root
CondorOut/ExLepEEZ_M750_EleMC_20190117_Ntuple_1_Anal.root
CondorOut/ExLepEEZ_M750_EleMC_20190117_Ntuple_2_Anal.root
CondorOut/ExLepEEZ_M750_EleMC_20190117_Ntuple_3_Anal.root
CondorOut/ExLepEEZ_M750_EleMC_20190117_Ntuple_4_Anal.root
CondorOut/TT_EleMC_20190117_Ntuple_10_Anal.root
CondorOut/TT_EleMC_20190117_Ntuple_11_Anal.root
CondorOut/TT_EleMC_20190117_Ntuple_12_Anal.root
CondorOut/TT_EleMC_20190117_Ntuple_13_Anal.root
CondorOut/TT_EleMC_20190117_Ntuple_14_Anal.root
CondorOut/TT_EleMC_20190117_Ntuple_15_Anal.root
CondorOut/TT_EleMC_20190117_Ntuple_16_Anal.root
CondorOut/TT_EleMC_20190117_Ntuple_17_Anal.root
CondorOut/TT_EleMC_20190117_Ntuple_18_Anal.root
CondorOut/TT_EleMC_20190117_Ntuple_19_Anal.root
CondorOut/TT_EleMC_20190117_Ntuple_1_Anal.root
CondorOut/TT_EleMC_20190117_Ntuple_20_Anal.root
CondorOut/TT_EleMC_20190117_Ntuple_21_Anal.root
CondorOut/TT_EleMC_20190117_Ntuple_22_Anal.root
CondorOut/TT_EleMC_20190117_Ntuple_23_Anal.root
CondorOut/TT_EleMC_20190117_Ntuple_24_Anal.root
CondorOut/TT_EleMC_20190117_Ntuple_25_Anal.root
CondorOut/TT_EleMC_20190117_Ntuple_26_Anal.root
CondorOut/TT_EleMC_20190117_Ntuple_27_Anal.root
CondorOut/TT_EleMC_20190117_Ntuple_28_Anal.root
CondorOut/TT_EleMC_20190117_Ntuple_29_Anal.root
CondorOut/TT_EleMC_20190117_Ntuple_2_Anal.root
CondorOut/TT_EleMC_20190117_Ntuple_30_Anal.root
CondorOut/TT_EleMC_20190117_Ntuple_31_Anal.root
CondorOut/TT_EleMC_20190117_Ntuple_32_Anal.root
CondorOut/TT_EleMC_20190117_Ntuple_33_Anal.root
CondorOut/TT_EleMC_20190117_Ntuple_34_Anal.root
CondorOut/TT_EleMC_20190117_Ntuple_35_Anal.root
CondorOut/TT_EleMC_20190117_Ntuple_36_Anal.root
CondorOut/TT_EleMC_20190117_Ntuple_37_Anal.root
CondorOut/TT_EleMC_20190117_Ntuple_38_Anal.root
CondorOut/TT_EleMC_20190117_Ntuple_39_Anal.root
CondorOut/TT_EleMC_20190117_Ntuple_3_Anal.root
CondorOut/TT_EleMC_20190117_Ntuple_40_Anal.root
CondorOut/TT_EleMC_20190117_Ntuple_41_Anal.root
CondorOut/TT_EleMC_20190117_Ntuple_42_Anal.root
CondorOut/TT_EleMC_20190117_Ntuple_43_Anal.root
CondorOut/TT_EleMC_20190117_Ntuple_44_Anal.root
CondorOut/TT_EleMC_20190117_Ntuple_45_Anal.root
CondorOut/TT_EleMC_20190117_Ntuple_46_Anal.root
CondorOut/TT_EleMC_20190117_Ntuple_47_Anal.root
CondorOut/TT_EleMC_20190117_Ntuple_48_Anal.root
CondorOut/TT_EleMC_20190117_Ntuple_49_Anal.root
CondorOut/TT_EleMC_20190117_Ntuple_4_Anal.root
CondorOut/TT_EleMC_20190117_Ntuple_50_Anal.root
CondorOut/TT_EleMC_20190117_Ntuple_51_Anal.root
CondorOut/TT_EleMC_20190117_Ntuple_52_Anal.root
CondorOut/TT_EleMC_20190117_Ntuple_53_Anal.root
CondorOut/TT_EleMC_20190117_Ntuple_54_Anal.root
CondorOut/TT_EleMC_20190117_Ntuple_55_Anal.root
CondorOut/TT_EleMC_20190117_Ntuple_56_Anal.root
CondorOut/TT_EleMC_20190117_Ntuple_57_Anal.root
CondorOut/TT_EleMC_20190117_Ntuple_58_Anal.root
CondorOut/TT_EleMC_20190117_Ntuple_59_Anal.root
CondorOut/TT_EleMC_20190117_Ntuple_5_Anal.root
CondorOut/TT_EleMC_20190117_Ntuple_60_Anal.root
CondorOut/TT_EleMC_20190117_Ntuple_61_Anal.root
CondorOut/TT_EleMC_20190117_Ntuple_62_Anal.root
CondorOut/TT_EleMC_20190117_Ntuple_63_Anal.root
CondorOut/TT_EleMC_20190117_Ntuple_64_Anal.root
CondorOut/TT_EleMC_20190117_Ntuple_65_Anal.root
CondorOut/TT_EleMC_20190117_Ntuple_66_Anal.root
CondorOut/TT_EleMC_20190117_Ntuple_67_Anal.root
CondorOut/TT_EleMC_20190117_Ntuple_68_Anal.root
CondorOut/TT_EleMC_20190117_Ntuple_69_Anal.root
CondorOut/TT_EleMC_20190117_Ntuple_6_Anal.root
CondorOut/TT_EleMC_20190117_Ntuple_70_Anal.root
CondorOut/TT_EleMC_20190117_Ntuple_71_Anal.root
CondorOut/TT_EleMC_20190117_Ntuple_72_Anal.root
CondorOut/TT_EleMC_20190117_Ntuple_73_Anal.root
CondorOut/TT_EleMC_20190117_Ntuple_74_Anal.root
CondorOut/TT_EleMC_20190117_Ntuple_75_Anal.root
CondorOut/TT_EleMC_20190117_Ntuple_76_Anal.root
CondorOut/TT_EleMC_20190117_Ntuple_77_Anal.root
CondorOut/TT_EleMC_20190117_Ntuple_78_Anal.root
CondorOut/TT_EleMC_20190117_Ntuple_79_Anal.root
CondorOut/TT_EleMC_20190117_Ntuple_7_Anal.root
CondorOut/TT_EleMC_20190117_Ntuple_80_Anal.root
CondorOut/TT_EleMC_20190117_Ntuple_81_Anal.root
CondorOut/TT_EleMC_20190117_Ntuple_82_Anal.root
CondorOut/TT_EleMC_20190117_Ntuple_83_Anal.root
CondorOut/TT_EleMC_20190117_Ntuple_84_Anal.root
CondorOut/TT_EleMC_20190117_Ntuple_85_Anal.root
CondorOut/TT_EleMC_20190117_Ntuple_86_Anal.root
CondorOut/TT_EleMC_20190117_Ntuple_87_Anal.root
CondorOut/TT_EleMC_20190117_Ntuple_88_Anal.root
CondorOut/TT_EleMC_20190117_Ntuple_89_Anal.root
CondorOut/TT_EleMC_20190117_Ntuple_8_Anal.root
CondorOut/TT_EleMC_20190117_Ntuple_90_Anal.root
CondorOut/TT_EleMC_20190117_Ntuple_91_Anal.root
CondorOut/TT_EleMC_20190117_Ntuple_92_Anal.root
CondorOut/TT_EleMC_20190117_Ntuple_93_Anal.root
CondorOut/TT_EleMC_20190117_Ntuple_94_Anal.root
CondorOut/TT_EleMC_20190117_Ntuple_95_Anal.root
CondorOut/TT_EleMC_20190117_Ntuple_96_Anal.root
CondorOut/TT_EleMC_20190117_Ntuple_97_Anal.root
CondorOut/TT_EleMC_20190117_Ntuple_98_Anal.root
CondorOut/TT_EleMC_20190117_Ntuple_99_Anal.root
CondorOut/TT_EleMC_20190117_Ntuple_9_Anal.root
CondorOut/WJetsToLNu_EleMC_20190117_Ntuple_10_Anal.root
CondorOut/WJetsToLNu_EleMC_20190117_Ntuple_11_Anal.root
CondorOut/WJetsToLNu_EleMC_20190117_Ntuple_12_Anal.root
CondorOut/WJetsToLNu_EleMC_20190117_Ntuple_13_Anal.root
CondorOut/WJetsToLNu_EleMC_20190117_Ntuple_14_Anal.root
CondorOut/WJetsToLNu_EleMC_20190117_Ntuple_15_Anal.root
CondorOut/WJetsToLNu_EleMC_20190117_Ntuple_16_Anal.root
CondorOut/WJetsToLNu_EleMC_20190117_Ntuple_17_Anal.root
CondorOut/WJetsToLNu_EleMC_20190117_Ntuple_18_Anal.root
CondorOut/WJetsToLNu_EleMC_20190117_Ntuple_19_Anal.root
CondorOut/WJetsToLNu_EleMC_20190117_Ntuple_1_Anal.root
CondorOut/WJetsToLNu_EleMC_20190117_Ntuple_20_Anal.root
CondorOut/WJetsToLNu_EleMC_20190117_Ntuple_21_Anal.root
CondorOut/WJetsToLNu_EleMC_20190117_Ntuple_22_Anal.root
CondorOut/WJetsToLNu_EleMC_20190117_Ntuple_23_Anal.root
CondorOut/WJetsToLNu_EleMC_20190117_Ntuple_24_Anal.root
CondorOut/WJetsToLNu_EleMC_20190117_Ntuple_25_Anal.root
CondorOut/WJetsToLNu_EleMC_20190117_Ntuple_26_Anal.root
CondorOut/WJetsToLNu_EleMC_20190117_Ntuple_27_Anal.root
CondorOut/WJetsToLNu_EleMC_20190117_Ntuple_29_Anal.root
CondorOut/WJetsToLNu_EleMC_20190117_Ntuple_2_Anal.root
CondorOut/WJetsToLNu_EleMC_20190117_Ntuple_30_Anal.root
CondorOut/WJetsToLNu_EleMC_20190117_Ntuple_31_Anal.root
CondorOut/WJetsToLNu_EleMC_20190117_Ntuple_32_Anal.root
CondorOut/WJetsToLNu_EleMC_20190117_Ntuple_33_Anal.root
CondorOut/WJetsToLNu_EleMC_20190117_Ntuple_34_Anal.root
CondorOut/WJetsToLNu_EleMC_20190117_Ntuple_35_Anal.root
CondorOut/WJetsToLNu_EleMC_20190117_Ntuple_36_Anal.root
CondorOut/WJetsToLNu_EleMC_20190117_Ntuple_37_Anal.root
CondorOut/WJetsToLNu_EleMC_20190117_Ntuple_38_Anal.root
CondorOut/WJetsToLNu_EleMC_20190117_Ntuple_39_Anal.root
CondorOut/WJetsToLNu_EleMC_20190117_Ntuple_3_Anal.root
CondorOut/WJetsToLNu_EleMC_20190117_Ntuple_40_Anal.root
CondorOut/WJetsToLNu_EleMC_20190117_Ntuple_41_Anal.root
CondorOut/WJetsToLNu_EleMC_20190117_Ntuple_42_Anal.root
CondorOut/WJetsToLNu_EleMC_20190117_Ntuple_43_Anal.root
CondorOut/WJetsToLNu_EleMC_20190117_Ntuple_4_Anal.root
CondorOut/WJetsToLNu_EleMC_20190117_Ntuple_5_Anal.root
CondorOut/WJetsToLNu_EleMC_20190117_Ntuple_6_Anal.root
CondorOut/WJetsToLNu_EleMC_20190117_Ntuple_7_Anal.root
CondorOut/WJetsToLNu_EleMC_20190117_Ntuple_8_Anal.root
CondorOut/WJetsToLNu_EleMC_20190117_Ntuple_9_Anal.root
CondorOut/WW_EleMC_20190117_Ntuple_1_Anal.root
CondorOut/WW_EleMC_20190117_Ntuple_2_Anal.root
CondorOut/WZ_EleMC_20190117_Ntuple_1_Anal.root
CondorOut/WZ_EleMC_20190117_Ntuple_2_Anal.root
CondorOut/WZ_EleMC_20190117_Ntuple_3_Anal.root
CondorOut/ZZ_EleMC_20190117_Ntuple_1_Anal.root
CondorOut/ZZ_EleMC_20190117_Ntuple_2_Anal.root
